{"E:\\Project\\my-project\\react-component\\rcSearchSelect\\src\\rcSearchSelect\\ClickOut.jsx": {"path":"E:\\Project\\my-project\\react-component\\rcSearchSelect\\src\\rcSearchSelect\\ClickOut.jsx","statementMap":{"0":{"start":{"line":11,"column":15},"end":{"line":11,"column":19}},"1":{"start":{"line":12,"column":13},"end":{"line":12,"column":39}},"2":{"start":{"line":13,"column":4},"end":{"line":13,"column":18}},"3":{"start":{"line":15,"column":4},"end":{"line":24,"column":5}},"4":{"start":{"line":16,"column":6},"end":{"line":16,"column":62}},"5":{"start":{"line":16,"column":56},"end":{"line":16,"column":62}},"6":{"start":{"line":18,"column":28},"end":{"line":18,"column":49}},"7":{"start":{"line":19,"column":6},"end":{"line":21,"column":7}},"8":{"start":{"line":20,"column":8},"end":{"line":20,"column":57}},"9":{"start":{"line":23,"column":6},"end":{"line":23,"column":35}},"10":{"start":{"line":26,"column":4},"end":{"line":29,"column":5}},"11":{"start":{"line":27,"column":6},"end":{"line":27,"column":53}},"12":{"start":{"line":28,"column":6},"end":{"line":28,"column":34}},"13":{"start":{"line":31,"column":4},"end":{"line":34,"column":9}},"14":{"start":{"line":32,"column":6},"end":{"line":32,"column":34}},"15":{"start":{"line":32,"column":28},"end":{"line":32,"column":34}},"16":{"start":{"line":33,"column":6},"end":{"line":33,"column":46}},"17":{"start":{"line":38,"column":4},"end":{"line":38,"column":47}},"18":{"start":{"line":39,"column":4},"end":{"line":39,"column":27}},"19":{"start":{"line":43,"column":4},"end":{"line":43,"column":68}},"20":{"start":{"line":45,"column":4},"end":{"line":45,"column":68}},"21":{"start":{"line":49,"column":4},"end":{"line":53,"column":5}}},"fnMap":{"0":{"name":"(anonymous_0)","decl":{"start":{"line":10,"column":2},"end":{"line":10,"column":3}},"loc":{"start":{"line":10,"column":23},"end":{"line":35,"column":3}},"line":10},"1":{"name":"(anonymous_1)","decl":{"start":{"line":15,"column":29},"end":{"line":15,"column":30}},"loc":{"start":{"line":15,"column":42},"end":{"line":24,"column":5}},"line":15},"2":{"name":"(anonymous_2)","decl":{"start":{"line":26,"column":28},"end":{"line":26,"column":29}},"loc":{"start":{"line":26,"column":41},"end":{"line":29,"column":5}},"line":26},"3":{"name":"(anonymous_3)","decl":{"start":{"line":31,"column":15},"end":{"line":31,"column":16}},"loc":{"start":{"line":31,"column":27},"end":{"line":34,"column":5}},"line":31},"4":{"name":"(anonymous_4)","decl":{"start":{"line":37,"column":2},"end":{"line":37,"column":3}},"loc":{"start":{"line":37,"column":26},"end":{"line":40,"column":3}},"line":37},"5":{"name":"(anonymous_5)","decl":{"start":{"line":42,"column":2},"end":{"line":42,"column":3}},"loc":{"start":{"line":42,"column":35},"end":{"line":46,"column":3}},"line":42},"6":{"name":"(anonymous_6)","decl":{"start":{"line":48,"column":2},"end":{"line":48,"column":3}},"loc":{"start":{"line":48,"column":12},"end":{"line":54,"column":3}},"line":48}},"branchMap":{"0":{"loc":{"start":{"line":16,"column":6},"end":{"line":16,"column":62}},"type":"if","locations":[{"start":{"line":16,"column":6},"end":{"line":16,"column":62}},{"start":{"line":16,"column":6},"end":{"line":16,"column":62}}],"line":16},"1":{"loc":{"start":{"line":16,"column":11},"end":{"line":16,"column":36}},"type":"binary-expr","locations":[{"start":{"line":16,"column":11},"end":{"line":16,"column":30}},{"start":{"line":16,"column":34},"end":{"line":16,"column":36}}],"line":16},"2":{"loc":{"start":{"line":19,"column":6},"end":{"line":21,"column":7}},"type":"if","locations":[{"start":{"line":19,"column":6},"end":{"line":21,"column":7}},{"start":{"line":19,"column":6},"end":{"line":21,"column":7}}],"line":19},"3":{"loc":{"start":{"line":27,"column":28},"end":{"line":27,"column":53}},"type":"binary-expr","locations":[{"start":{"line":27,"column":28},"end":{"line":27,"column":47}},{"start":{"line":27,"column":51},"end":{"line":27,"column":53}}],"line":27},"4":{"loc":{"start":{"line":32,"column":6},"end":{"line":32,"column":34}},"type":"if","locations":[{"start":{"line":32,"column":6},"end":{"line":32,"column":34}},{"start":{"line":32,"column":6},"end":{"line":32,"column":34}}],"line":32},"5":{"loc":{"start":{"line":50,"column":6},"end":{"line":52,"column":50}},"type":"cond-expr","locations":[{"start":{"line":51,"column":10},"end":{"line":51,"column":42}},{"start":{"line":52,"column":10},"end":{"line":52,"column":50}}],"line":50}},"s":{"0":4,"1":4,"2":4,"3":4,"4":0,"5":0,"6":0,"7":0,"8":0,"9":0,"10":4,"11":0,"12":0,"13":4,"14":0,"15":0,"16":0,"17":0,"18":0,"19":0,"20":0,"21":15},"f":{"0":4,"1":0,"2":0,"3":0,"4":0,"5":0,"6":15},"b":{"0":[0,0],"1":[0,0],"2":[0,0],"3":[0,0],"4":[0,0],"5":[0,15]},"_coverageSchema":"332fd63041d2c1bcb487cc26dd0d5f7d97098a6c","hash":"d7b52fe0e405648872a7d1b0bc0ab13a260ef2b3"}
,"E:\\Project\\my-project\\react-component\\rcSearchSelect\\src\\rcSearchSelect\\SearchSelect.jsx": {"path":"E:\\Project\\my-project\\react-component\\rcSearchSelect\\src\\rcSearchSelect\\SearchSelect.jsx","statementMap":{"0":{"start":{"line":14,"column":4},"end":{"line":14,"column":16}},"1":{"start":{"line":15,"column":25},"end":{"line":15,"column":89}},"2":{"start":{"line":17,"column":4},"end":{"line":22,"column":5}},"3":{"start":{"line":26,"column":28},"end":{"line":26,"column":37}},"4":{"start":{"line":27,"column":4},"end":{"line":37,"column":5}},"5":{"start":{"line":28,"column":6},"end":{"line":28,"column":33}},"6":{"start":{"line":29,"column":6},"end":{"line":36,"column":7}},"7":{"start":{"line":30,"column":23},"end":{"line":30,"column":57}},"8":{"start":{"line":31,"column":8},"end":{"line":33,"column":9}},"9":{"start":{"line":32,"column":10},"end":{"line":32,"column":43}},"10":{"start":{"line":35,"column":8},"end":{"line":35,"column":24}},"11":{"start":{"line":41,"column":4},"end":{"line":49,"column":5}},"12":{"start":{"line":42,"column":6},"end":{"line":47,"column":8}},"13":{"start":{"line":48,"column":6},"end":{"line":48,"column":31}},"14":{"start":{"line":53,"column":4},"end":{"line":74,"column":5}},"15":{"start":{"line":54,"column":6},"end":{"line":59,"column":8}},"16":{"start":{"line":55,"column":8},"end":{"line":58,"column":9}},"17":{"start":{"line":61,"column":39},"end":{"line":61,"column":49}},"18":{"start":{"line":62,"column":6},"end":{"line":73,"column":7}},"19":{"start":{"line":63,"column":8},"end":{"line":63,"column":41}},"20":{"start":{"line":65,"column":8},"end":{"line":72,"column":9}},"21":{"start":{"line":66,"column":10},"end":{"line":70,"column":12}},"22":{"start":{"line":71,"column":10},"end":{"line":71,"column":35}},"23":{"start":{"line":78,"column":4},"end":{"line":83,"column":5}},"24":{"start":{"line":79,"column":29},"end":{"line":79,"column":39}},"25":{"start":{"line":80,"column":6},"end":{"line":82,"column":8}},"26":{"start":{"line":87,"column":27},"end":{"line":87,"column":37}},"27":{"start":{"line":88,"column":16},"end":{"line":88,"column":30}},"28":{"start":{"line":89,"column":19},"end":{"line":89,"column":21}},"29":{"start":{"line":90,"column":4},"end":{"line":94,"column":5}},"30":{"start":{"line":91,"column":6},"end":{"line":91,"column":37}},"31":{"start":{"line":93,"column":6},"end":{"line":93,"column":27}},"32":{"start":{"line":95,"column":4},"end":{"line":106,"column":5}},"33":{"start":{"line":96,"column":6},"end":{"line":99,"column":8}},"34":{"start":{"line":101,"column":6},"end":{"line":105,"column":8}},"35":{"start":{"line":107,"column":4},"end":{"line":107,"column":28}},"36":{"start":{"line":111,"column":4},"end":{"line":111,"column":30}},"37":{"start":{"line":115,"column":27},"end":{"line":115,"column":37}},"38":{"start":{"line":116,"column":4},"end":{"line":119,"column":5}},"39":{"start":{"line":117,"column":6},"end":{"line":117,"column":104}},"40":{"start":{"line":118,"column":6},"end":{"line":118,"column":12}},"41":{"start":{"line":120,"column":4},"end":{"line":120,"column":29}},"42":{"start":{"line":121,"column":16},"end":{"line":121,"column":40}},"43":{"start":{"line":122,"column":4},"end":{"line":129,"column":6}},"44":{"start":{"line":123,"column":6},"end":{"line":128,"column":7}},"45":{"start":{"line":133,"column":44},"end":{"line":133,"column":54}},"46":{"start":{"line":134,"column":19},"end":{"line":134,"column":21}},"47":{"start":{"line":135,"column":27},"end":{"line":135,"column":37}},"48":{"start":{"line":136,"column":4},"end":{"line":139,"column":5}},"49":{"start":{"line":137,"column":6},"end":{"line":137,"column":80}},"50":{"start":{"line":138,"column":6},"end":{"line":138,"column":12}},"51":{"start":{"line":140,"column":4},"end":{"line":153,"column":6}},"52":{"start":{"line":141,"column":20},"end":{"line":141,"column":73}},"53":{"start":{"line":142,"column":6},"end":{"line":152,"column":7}},"54":{"start":{"line":143,"column":8},"end":{"line":145,"column":9}},"55":{"start":{"line":144,"column":10},"end":{"line":144,"column":29}},"56":{"start":{"line":147,"column":23},"end":{"line":147,"column":53}},"57":{"start":{"line":148,"column":21},"end":{"line":148,"column":57}},"58":{"start":{"line":149,"column":8},"end":{"line":151,"column":9}},"59":{"start":{"line":150,"column":10},"end":{"line":150,"column":29}},"60":{"start":{"line":154,"column":4},"end":{"line":154,"column":19}},"61":{"start":{"line":159,"column":19},"end":{"line":159,"column":39}},"62":{"start":{"line":161,"column":35},"end":{"line":161,"column":45}},"63":{"start":{"line":162,"column":25},"end":{"line":162,"column":35}},"64":{"start":{"line":163,"column":25},"end":{"line":163,"column":56}},"65":{"start":{"line":164,"column":4},"end":{"line":194,"column":5}},"66":{"start":{"line":165,"column":6},"end":{"line":170,"column":7}},"67":{"start":{"line":166,"column":8},"end":{"line":166,"column":31}},"68":{"start":{"line":167,"column":24},"end":{"line":167,"column":62}},"69":{"start":{"line":168,"column":8},"end":{"line":168,"column":42}},"70":{"start":{"line":169,"column":8},"end":{"line":169,"column":38}},"71":{"start":{"line":171,"column":11},"end":{"line":194,"column":5}},"72":{"start":{"line":172,"column":6},"end":{"line":177,"column":7}},"73":{"start":{"line":173,"column":8},"end":{"line":173,"column":31}},"74":{"start":{"line":174,"column":24},"end":{"line":174,"column":62}},"75":{"start":{"line":175,"column":8},"end":{"line":175,"column":42}},"76":{"start":{"line":176,"column":8},"end":{"line":176,"column":38}},"77":{"start":{"line":178,"column":11},"end":{"line":194,"column":5}},"78":{"start":{"line":179,"column":6},"end":{"line":193,"column":7}},"79":{"start":{"line":180,"column":21},"end":{"line":180,"column":84}},"80":{"start":{"line":181,"column":20},"end":{"line":181,"column":57}},"81":{"start":{"line":182,"column":8},"end":{"line":185,"column":9}},"82":{"start":{"line":183,"column":10},"end":{"line":183,"column":126}},"83":{"start":{"line":184,"column":10},"end":{"line":184,"column":16}},"84":{"start":{"line":186,"column":18},"end":{"line":186,"column":22}},"85":{"start":{"line":187,"column":8},"end":{"line":191,"column":10}},"86":{"start":{"line":188,"column":10},"end":{"line":190,"column":11}},"87":{"start":{"line":189,"column":12},"end":{"line":189,"column":22}},"88":{"start":{"line":192,"column":8},"end":{"line":192,"column":33}},"89":{"start":{"line":198,"column":4},"end":{"line":198,"column":58}},"90":{"start":{"line":199,"column":4},"end":{"line":199,"column":108}},"91":{"start":{"line":203,"column":15},"end":{"line":203,"column":57}},"92":{"start":{"line":204,"column":4},"end":{"line":208,"column":5}},"93":{"start":{"line":205,"column":6},"end":{"line":207,"column":7}},"94":{"start":{"line":206,"column":8},"end":{"line":206,"column":42}},"95":{"start":{"line":212,"column":19},"end":{"line":212,"column":51}},"96":{"start":{"line":213,"column":20},"end":{"line":213,"column":90}},"97":{"start":{"line":214,"column":4},"end":{"line":214,"column":89}},"98":{"start":{"line":215,"column":4},"end":{"line":221,"column":5}},"99":{"start":{"line":216,"column":6},"end":{"line":220,"column":7}},"100":{"start":{"line":217,"column":8},"end":{"line":217,"column":55}},"101":{"start":{"line":218,"column":13},"end":{"line":220,"column":7}},"102":{"start":{"line":219,"column":8},"end":{"line":219,"column":48}},"103":{"start":{"line":226,"column":37},"end":{"line":226,"column":47}},"104":{"start":{"line":227,"column":4},"end":{"line":241,"column":5}},"105":{"start":{"line":228,"column":20},"end":{"line":228,"column":25}},"106":{"start":{"line":229,"column":18},"end":{"line":229,"column":25}},"107":{"start":{"line":230,"column":6},"end":{"line":233,"column":7}},"108":{"start":{"line":231,"column":8},"end":{"line":231,"column":63}},"109":{"start":{"line":232,"column":8},"end":{"line":232,"column":22}},"110":{"start":{"line":234,"column":6},"end":{"line":237,"column":7}},"111":{"start":{"line":235,"column":8},"end":{"line":235,"column":82}},"112":{"start":{"line":236,"column":8},"end":{"line":236,"column":22}},"113":{"start":{"line":238,"column":6},"end":{"line":240,"column":7}},"114":{"start":{"line":239,"column":8},"end":{"line":239,"column":19}},"115":{"start":{"line":242,"column":4},"end":{"line":247,"column":6}},"116":{"start":{"line":243,"column":14},"end":{"line":243,"column":23}},"117":{"start":{"line":244,"column":6},"end":{"line":246,"column":7}},"118":{"start":{"line":245,"column":8},"end":{"line":245,"column":202}},"119":{"start":{"line":251,"column":35},"end":{"line":251,"column":45}},"120":{"start":{"line":252,"column":77},"end":{"line":252,"column":87}},"121":{"start":{"line":253,"column":17},"end":{"line":253,"column":19}},"122":{"start":{"line":254,"column":22},"end":{"line":254,"column":68}},"123":{"start":{"line":256,"column":23},"end":{"line":261,"column":5}},"124":{"start":{"line":257,"column":14},"end":{"line":257,"column":23}},"125":{"start":{"line":257,"column":32},"end":{"line":257,"column":47}},"126":{"start":{"line":258,"column":6},"end":{"line":260,"column":7}},"127":{"start":{"line":259,"column":8},"end":{"line":259,"column":188}},"128":{"start":{"line":262,"column":4},"end":{"line":317,"column":5}},"129":{"start":{"line":274,"column":28},"end":{"line":280,"column":30}},"130":{"start":{"line":321,"column":0},"end":{"line":333,"column":1}},"131":{"start":{"line":335,"column":0},"end":{"line":347,"column":1}}},"fnMap":{"0":{"name":"(anonymous_0)","decl":{"start":{"line":13,"column":2},"end":{"line":13,"column":3}},"loc":{"start":{"line":13,"column":21},"end":{"line":23,"column":3}},"line":13},"1":{"name":"(anonymous_1)","decl":{"start":{"line":25,"column":2},"end":{"line":25,"column":3}},"loc":{"start":{"line":25,"column":39},"end":{"line":38,"column":3}},"line":25},"2":{"name":"(anonymous_2)","decl":{"start":{"line":40,"column":2},"end":{"line":40,"column":3}},"loc":{"start":{"line":40,"column":15},"end":{"line":50,"column":3}},"line":40},"3":{"name":"(anonymous_3)","decl":{"start":{"line":52,"column":2},"end":{"line":52,"column":3}},"loc":{"start":{"line":52,"column":13},"end":{"line":75,"column":3}},"line":52},"4":{"name":"(anonymous_4)","decl":{"start":{"line":54,"column":20},"end":{"line":54,"column":21}},"loc":{"start":{"line":54,"column":42},"end":{"line":59,"column":7}},"line":54},"5":{"name":"(anonymous_5)","decl":{"start":{"line":77,"column":2},"end":{"line":77,"column":3}},"loc":{"start":{"line":77,"column":14},"end":{"line":84,"column":3}},"line":77},"6":{"name":"(anonymous_6)","decl":{"start":{"line":86,"column":2},"end":{"line":86,"column":3}},"loc":{"start":{"line":86,"column":15},"end":{"line":108,"column":3}},"line":86},"7":{"name":"(anonymous_7)","decl":{"start":{"line":110,"column":2},"end":{"line":110,"column":3}},"loc":{"start":{"line":110,"column":22},"end":{"line":112,"column":3}},"line":110},"8":{"name":"(anonymous_8)","decl":{"start":{"line":114,"column":2},"end":{"line":114,"column":3}},"loc":{"start":{"line":114,"column":29},"end":{"line":130,"column":3}},"line":114},"9":{"name":"(anonymous_9)","decl":{"start":{"line":122,"column":18},"end":{"line":122,"column":19}},"loc":{"start":{"line":122,"column":40},"end":{"line":129,"column":5}},"line":122},"10":{"name":"(anonymous_10)","decl":{"start":{"line":132,"column":2},"end":{"line":132,"column":3}},"loc":{"start":{"line":132,"column":18},"end":{"line":155,"column":3}},"line":132},"11":{"name":"(anonymous_11)","decl":{"start":{"line":140,"column":19},"end":{"line":140,"column":20}},"loc":{"start":{"line":140,"column":27},"end":{"line":153,"column":5}},"line":140},"12":{"name":"(anonymous_12)","decl":{"start":{"line":157,"column":2},"end":{"line":157,"column":3}},"loc":{"start":{"line":157,"column":21},"end":{"line":195,"column":3}},"line":157},"13":{"name":"(anonymous_13)","decl":{"start":{"line":187,"column":21},"end":{"line":187,"column":22}},"loc":{"start":{"line":187,"column":29},"end":{"line":191,"column":9}},"line":187},"14":{"name":"(anonymous_14)","decl":{"start":{"line":197,"column":2},"end":{"line":197,"column":3}},"loc":{"start":{"line":197,"column":32},"end":{"line":200,"column":3}},"line":197},"15":{"name":"(anonymous_15)","decl":{"start":{"line":202,"column":2},"end":{"line":202,"column":3}},"loc":{"start":{"line":202,"column":44},"end":{"line":209,"column":3}},"line":202},"16":{"name":"(anonymous_16)","decl":{"start":{"line":211,"column":2},"end":{"line":211,"column":3}},"loc":{"start":{"line":211,"column":28},"end":{"line":222,"column":3}},"line":211},"17":{"name":"(anonymous_17)","decl":{"start":{"line":225,"column":2},"end":{"line":225,"column":3}},"loc":{"start":{"line":225,"column":28},"end":{"line":248,"column":3}},"line":225},"18":{"name":"(anonymous_18)","decl":{"start":{"line":242,"column":20},"end":{"line":242,"column":21}},"loc":{"start":{"line":242,"column":37},"end":{"line":247,"column":5}},"line":242},"19":{"name":"(anonymous_19)","decl":{"start":{"line":250,"column":2},"end":{"line":250,"column":3}},"loc":{"start":{"line":250,"column":11},"end":{"line":318,"column":3}},"line":250},"20":{"name":"(anonymous_20)","decl":{"start":{"line":256,"column":23},"end":{"line":256,"column":24}},"loc":{"start":{"line":256,"column":50},"end":{"line":261,"column":5}},"line":256},"21":{"name":"(anonymous_21)","decl":{"start":{"line":273,"column":27},"end":{"line":273,"column":28}},"loc":{"start":{"line":274,"column":28},"end":{"line":280,"column":30}},"line":274},"22":{"name":"(anonymous_22)","decl":{"start":{"line":339,"column":12},"end":{"line":339,"column":13}},"loc":{"start":{"line":339,"column":19},"end":{"line":339,"column":21}},"line":339},"23":{"name":"(anonymous_23)","decl":{"start":{"line":342,"column":12},"end":{"line":342,"column":13}},"loc":{"start":{"line":342,"column":19},"end":{"line":342,"column":21}},"line":342}},"branchMap":{"0":{"loc":{"start":{"line":15,"column":25},"end":{"line":15,"column":89}},"type":"binary-expr","locations":[{"start":{"line":15,"column":25},"end":{"line":15,"column":43}},{"start":{"line":15,"column":47},"end":{"line":15,"column":83}},{"start":{"line":15,"column":87},"end":{"line":15,"column":89}}],"line":15},"1":{"loc":{"start":{"line":27,"column":4},"end":{"line":37,"column":5}},"type":"if","locations":[{"start":{"line":27,"column":4},"end":{"line":37,"column":5}},{"start":{"line":27,"column":4},"end":{"line":37,"column":5}}],"line":27},"2":{"loc":{"start":{"line":27,"column":8},"end":{"line":27,"column":70}},"type":"binary-expr","locations":[{"start":{"line":27,"column":8},"end":{"line":27,"column":19}},{"start":{"line":27,"column":23},"end":{"line":27,"column":37}},{"start":{"line":27,"column":41},"end":{"line":27,"column":70}}],"line":27},"3":{"loc":{"start":{"line":29,"column":6},"end":{"line":36,"column":7}},"type":"if","locations":[{"start":{"line":29,"column":6},"end":{"line":36,"column":7}},{"start":{"line":29,"column":6},"end":{"line":36,"column":7}}],"line":29},"4":{"loc":{"start":{"line":31,"column":8},"end":{"line":33,"column":9}},"type":"if","locations":[{"start":{"line":31,"column":8},"end":{"line":33,"column":9}},{"start":{"line":31,"column":8},"end":{"line":33,"column":9}}],"line":31},"5":{"loc":{"start":{"line":31,"column":12},"end":{"line":31,"column":39}},"type":"binary-expr","locations":[{"start":{"line":31,"column":12},"end":{"line":31,"column":20}},{"start":{"line":31,"column":24},"end":{"line":31,"column":39}}],"line":31},"6":{"loc":{"start":{"line":41,"column":4},"end":{"line":49,"column":5}},"type":"if","locations":[{"start":{"line":41,"column":4},"end":{"line":49,"column":5}},{"start":{"line":41,"column":4},"end":{"line":49,"column":5}}],"line":41},"7":{"loc":{"start":{"line":53,"column":4},"end":{"line":74,"column":5}},"type":"if","locations":[{"start":{"line":53,"column":4},"end":{"line":74,"column":5}},{"start":{"line":53,"column":4},"end":{"line":74,"column":5}}],"line":53},"8":{"loc":{"start":{"line":62,"column":6},"end":{"line":73,"column":7}},"type":"if","locations":[{"start":{"line":62,"column":6},"end":{"line":73,"column":7}},{"start":{"line":62,"column":6},"end":{"line":73,"column":7}}],"line":62},"9":{"loc":{"start":{"line":62,"column":10},"end":{"line":62,"column":37}},"type":"binary-expr","locations":[{"start":{"line":62,"column":10},"end":{"line":62,"column":18}},{"start":{"line":62,"column":22},"end":{"line":62,"column":37}}],"line":62},"10":{"loc":{"start":{"line":65,"column":8},"end":{"line":72,"column":9}},"type":"if","locations":[{"start":{"line":65,"column":8},"end":{"line":72,"column":9}},{"start":{"line":65,"column":8},"end":{"line":72,"column":9}}],"line":65},"11":{"loc":{"start":{"line":78,"column":4},"end":{"line":83,"column":5}},"type":"if","locations":[{"start":{"line":78,"column":4},"end":{"line":83,"column":5}},{"start":{"line":78,"column":4},"end":{"line":83,"column":5}}],"line":78},"12":{"loc":{"start":{"line":90,"column":4},"end":{"line":94,"column":5}},"type":"if","locations":[{"start":{"line":90,"column":4},"end":{"line":94,"column":5}},{"start":{"line":90,"column":4},"end":{"line":94,"column":5}}],"line":90},"13":{"loc":{"start":{"line":95,"column":4},"end":{"line":106,"column":5}},"type":"if","locations":[{"start":{"line":95,"column":4},"end":{"line":106,"column":5}},{"start":{"line":95,"column":4},"end":{"line":106,"column":5}}],"line":95},"14":{"loc":{"start":{"line":95,"column":8},"end":{"line":95,"column":42}},"type":"binary-expr","locations":[{"start":{"line":95,"column":8},"end":{"line":95,"column":11}},{"start":{"line":95,"column":15},"end":{"line":95,"column":23}},{"start":{"line":95,"column":27},"end":{"line":95,"column":42}}],"line":95},"15":{"loc":{"start":{"line":114,"column":18},"end":{"line":114,"column":27}},"type":"default-arg","locations":[{"start":{"line":114,"column":23},"end":{"line":114,"column":27}}],"line":114},"16":{"loc":{"start":{"line":116,"column":4},"end":{"line":119,"column":5}},"type":"if","locations":[{"start":{"line":116,"column":4},"end":{"line":119,"column":5}},{"start":{"line":116,"column":4},"end":{"line":119,"column":5}}],"line":116},"17":{"loc":{"start":{"line":116,"column":8},"end":{"line":116,"column":37}},"type":"binary-expr","locations":[{"start":{"line":116,"column":8},"end":{"line":116,"column":12}},{"start":{"line":116,"column":16},"end":{"line":116,"column":37}}],"line":116},"18":{"loc":{"start":{"line":121,"column":16},"end":{"line":121,"column":40}},"type":"binary-expr","locations":[{"start":{"line":121,"column":16},"end":{"line":121,"column":20}},{"start":{"line":121,"column":24},"end":{"line":121,"column":40}}],"line":121},"19":{"loc":{"start":{"line":136,"column":4},"end":{"line":139,"column":5}},"type":"if","locations":[{"start":{"line":136,"column":4},"end":{"line":139,"column":5}},{"start":{"line":136,"column":4},"end":{"line":139,"column":5}}],"line":136},"20":{"loc":{"start":{"line":136,"column":8},"end":{"line":136,"column":59}},"type":"binary-expr","locations":[{"start":{"line":136,"column":8},"end":{"line":136,"column":25}},{"start":{"line":136,"column":29},"end":{"line":136,"column":59}}],"line":136},"21":{"loc":{"start":{"line":141,"column":20},"end":{"line":141,"column":73}},"type":"cond-expr","locations":[{"start":{"line":141,"column":46},"end":{"line":141,"column":68}},{"start":{"line":141,"column":72},"end":{"line":141,"column":73}}],"line":141},"22":{"loc":{"start":{"line":141,"column":46},"end":{"line":141,"column":68}},"type":"binary-expr","locations":[{"start":{"line":141,"column":46},"end":{"line":141,"column":62}},{"start":{"line":141,"column":66},"end":{"line":141,"column":68}}],"line":141},"23":{"loc":{"start":{"line":142,"column":6},"end":{"line":152,"column":7}},"type":"if","locations":[{"start":{"line":142,"column":6},"end":{"line":152,"column":7}},{"start":{"line":142,"column":6},"end":{"line":152,"column":7}}],"line":142},"24":{"loc":{"start":{"line":143,"column":8},"end":{"line":145,"column":9}},"type":"if","locations":[{"start":{"line":143,"column":8},"end":{"line":145,"column":9}},{"start":{"line":143,"column":8},"end":{"line":145,"column":9}}],"line":143},"25":{"loc":{"start":{"line":148,"column":22},"end":{"line":148,"column":31}},"type":"binary-expr","locations":[{"start":{"line":148,"column":22},"end":{"line":148,"column":25}},{"start":{"line":148,"column":29},"end":{"line":148,"column":31}}],"line":148},"26":{"loc":{"start":{"line":149,"column":8},"end":{"line":151,"column":9}},"type":"if","locations":[{"start":{"line":149,"column":8},"end":{"line":151,"column":9}},{"start":{"line":149,"column":8},"end":{"line":151,"column":9}}],"line":149},"27":{"loc":{"start":{"line":159,"column":19},"end":{"line":159,"column":39}},"type":"binary-expr","locations":[{"start":{"line":159,"column":19},"end":{"line":159,"column":28}},{"start":{"line":159,"column":32},"end":{"line":159,"column":39}}],"line":159},"28":{"loc":{"start":{"line":163,"column":28},"end":{"line":163,"column":55}},"type":"binary-expr","locations":[{"start":{"line":163,"column":28},"end":{"line":163,"column":36}},{"start":{"line":163,"column":40},"end":{"line":163,"column":55}}],"line":163},"29":{"loc":{"start":{"line":164,"column":4},"end":{"line":194,"column":5}},"type":"if","locations":[{"start":{"line":164,"column":4},"end":{"line":194,"column":5}},{"start":{"line":164,"column":4},"end":{"line":194,"column":5}}],"line":164},"30":{"loc":{"start":{"line":165,"column":6},"end":{"line":170,"column":7}},"type":"if","locations":[{"start":{"line":165,"column":6},"end":{"line":170,"column":7}},{"start":{"line":165,"column":6},"end":{"line":170,"column":7}}],"line":165},"31":{"loc":{"start":{"line":165,"column":10},"end":{"line":165,"column":65}},"type":"binary-expr","locations":[{"start":{"line":165,"column":10},"end":{"line":165,"column":22}},{"start":{"line":165,"column":26},"end":{"line":165,"column":65}}],"line":165},"32":{"loc":{"start":{"line":171,"column":11},"end":{"line":194,"column":5}},"type":"if","locations":[{"start":{"line":171,"column":11},"end":{"line":194,"column":5}},{"start":{"line":171,"column":11},"end":{"line":194,"column":5}}],"line":171},"33":{"loc":{"start":{"line":172,"column":6},"end":{"line":177,"column":7}},"type":"if","locations":[{"start":{"line":172,"column":6},"end":{"line":177,"column":7}},{"start":{"line":172,"column":6},"end":{"line":177,"column":7}}],"line":172},"34":{"loc":{"start":{"line":172,"column":10},"end":{"line":172,"column":51}},"type":"binary-expr","locations":[{"start":{"line":172,"column":10},"end":{"line":172,"column":22}},{"start":{"line":172,"column":26},"end":{"line":172,"column":51}}],"line":172},"35":{"loc":{"start":{"line":178,"column":11},"end":{"line":194,"column":5}},"type":"if","locations":[{"start":{"line":178,"column":11},"end":{"line":194,"column":5}},{"start":{"line":178,"column":11},"end":{"line":194,"column":5}}],"line":178},"36":{"loc":{"start":{"line":179,"column":6},"end":{"line":193,"column":7}},"type":"if","locations":[{"start":{"line":179,"column":6},"end":{"line":193,"column":7}},{"start":{"line":179,"column":6},"end":{"line":193,"column":7}}],"line":179},"37":{"loc":{"start":{"line":181,"column":20},"end":{"line":181,"column":57}},"type":"binary-expr","locations":[{"start":{"line":181,"column":20},"end":{"line":181,"column":24}},{"start":{"line":181,"column":28},"end":{"line":181,"column":57}}],"line":181},"38":{"loc":{"start":{"line":182,"column":8},"end":{"line":185,"column":9}},"type":"if","locations":[{"start":{"line":182,"column":8},"end":{"line":185,"column":9}},{"start":{"line":182,"column":8},"end":{"line":185,"column":9}}],"line":182},"39":{"loc":{"start":{"line":182,"column":12},"end":{"line":182,"column":63}},"type":"binary-expr","locations":[{"start":{"line":182,"column":12},"end":{"line":182,"column":21}},{"start":{"line":182,"column":25},"end":{"line":182,"column":63}}],"line":182},"40":{"loc":{"start":{"line":182,"column":40},"end":{"line":182,"column":61}},"type":"binary-expr","locations":[{"start":{"line":182,"column":40},"end":{"line":182,"column":51}},{"start":{"line":182,"column":55},"end":{"line":182,"column":61}}],"line":182},"41":{"loc":{"start":{"line":188,"column":10},"end":{"line":190,"column":11}},"type":"if","locations":[{"start":{"line":188,"column":10},"end":{"line":190,"column":11}},{"start":{"line":188,"column":10},"end":{"line":190,"column":11}}],"line":188},"42":{"loc":{"start":{"line":188,"column":14},"end":{"line":188,"column":43}},"type":"binary-expr","locations":[{"start":{"line":188,"column":14},"end":{"line":188,"column":18}},{"start":{"line":188,"column":22},"end":{"line":188,"column":43}}],"line":188},"43":{"loc":{"start":{"line":199,"column":4},"end":{"line":199,"column":108}},"type":"binary-expr","locations":[{"start":{"line":199,"column":4},"end":{"line":199,"column":36}},{"start":{"line":199,"column":41},"end":{"line":199,"column":107}}],"line":199},"44":{"loc":{"start":{"line":205,"column":6},"end":{"line":207,"column":7}},"type":"if","locations":[{"start":{"line":205,"column":6},"end":{"line":207,"column":7}},{"start":{"line":205,"column":6},"end":{"line":207,"column":7}}],"line":205},"45":{"loc":{"start":{"line":213,"column":20},"end":{"line":213,"column":90}},"type":"cond-expr","locations":[{"start":{"line":213,"column":32},"end":{"line":213,"column":77}},{"start":{"line":213,"column":81},"end":{"line":213,"column":90}}],"line":213},"46":{"loc":{"start":{"line":213,"column":32},"end":{"line":213,"column":77}},"type":"binary-expr","locations":[{"start":{"line":213,"column":32},"end":{"line":213,"column":51}},{"start":{"line":213,"column":55},"end":{"line":213,"column":77}}],"line":213},"47":{"loc":{"start":{"line":214,"column":16},"end":{"line":214,"column":89}},"type":"cond-expr","locations":[{"start":{"line":214,"column":29},"end":{"line":214,"column":76}},{"start":{"line":214,"column":80},"end":{"line":214,"column":89}}],"line":214},"48":{"loc":{"start":{"line":214,"column":29},"end":{"line":214,"column":76}},"type":"binary-expr","locations":[{"start":{"line":214,"column":29},"end":{"line":214,"column":49}},{"start":{"line":214,"column":53},"end":{"line":214,"column":76}}],"line":214},"49":{"loc":{"start":{"line":215,"column":4},"end":{"line":221,"column":5}},"type":"if","locations":[{"start":{"line":215,"column":4},"end":{"line":221,"column":5}},{"start":{"line":215,"column":4},"end":{"line":221,"column":5}}],"line":215},"50":{"loc":{"start":{"line":215,"column":8},"end":{"line":215,"column":29}},"type":"binary-expr","locations":[{"start":{"line":215,"column":8},"end":{"line":215,"column":16}},{"start":{"line":215,"column":20},"end":{"line":215,"column":29}}],"line":215},"51":{"loc":{"start":{"line":216,"column":6},"end":{"line":220,"column":7}},"type":"if","locations":[{"start":{"line":216,"column":6},"end":{"line":220,"column":7}},{"start":{"line":216,"column":6},"end":{"line":220,"column":7}}],"line":216},"52":{"loc":{"start":{"line":218,"column":13},"end":{"line":220,"column":7}},"type":"if","locations":[{"start":{"line":218,"column":13},"end":{"line":220,"column":7}},{"start":{"line":218,"column":13},"end":{"line":220,"column":7}}],"line":218},"53":{"loc":{"start":{"line":225,"column":17},"end":{"line":225,"column":26}},"type":"default-arg","locations":[{"start":{"line":225,"column":24},"end":{"line":225,"column":26}}],"line":225},"54":{"loc":{"start":{"line":227,"column":4},"end":{"line":241,"column":5}},"type":"if","locations":[{"start":{"line":227,"column":4},"end":{"line":241,"column":5}},{"start":{"line":227,"column":4},"end":{"line":241,"column":5}}],"line":227},"55":{"loc":{"start":{"line":230,"column":6},"end":{"line":233,"column":7}},"type":"if","locations":[{"start":{"line":230,"column":6},"end":{"line":233,"column":7}},{"start":{"line":230,"column":6},"end":{"line":233,"column":7}}],"line":230},"56":{"loc":{"start":{"line":234,"column":6},"end":{"line":237,"column":7}},"type":"if","locations":[{"start":{"line":234,"column":6},"end":{"line":237,"column":7}},{"start":{"line":234,"column":6},"end":{"line":237,"column":7}}],"line":234},"57":{"loc":{"start":{"line":238,"column":6},"end":{"line":240,"column":7}},"type":"if","locations":[{"start":{"line":238,"column":6},"end":{"line":240,"column":7}},{"start":{"line":238,"column":6},"end":{"line":240,"column":7}}],"line":238},"58":{"loc":{"start":{"line":244,"column":6},"end":{"line":246,"column":7}},"type":"if","locations":[{"start":{"line":244,"column":6},"end":{"line":246,"column":7}},{"start":{"line":244,"column":6},"end":{"line":246,"column":7}}],"line":244},"59":{"loc":{"start":{"line":258,"column":6},"end":{"line":260,"column":7}},"type":"if","locations":[{"start":{"line":258,"column":6},"end":{"line":260,"column":7}},{"start":{"line":258,"column":6},"end":{"line":260,"column":7}}],"line":258},"60":{"loc":{"start":{"line":266,"column":28},"end":{"line":266,"column":84}},"type":"cond-expr","locations":[{"start":{"line":266,"column":49},"end":{"line":266,"column":64}},{"start":{"line":266,"column":67},"end":{"line":266,"column":84}}],"line":266},"61":{"loc":{"start":{"line":269,"column":18},"end":{"line":286,"column":24}},"type":"cond-expr","locations":[{"start":{"line":270,"column":20},"end":{"line":284,"column":26}},{"start":{"line":286,"column":20},"end":{"line":286,"column":24}}],"line":269},"62":{"loc":{"start":{"line":269,"column":18},"end":{"line":269,"column":45}},"type":"binary-expr","locations":[{"start":{"line":269,"column":18},"end":{"line":269,"column":26}},{"start":{"line":269,"column":30},"end":{"line":269,"column":45}}],"line":269},"63":{"loc":{"start":{"line":300,"column":14},"end":{"line":312,"column":18}},"type":"cond-expr","locations":[{"start":{"line":301,"column":14},"end":{"line":310,"column":21}},{"start":{"line":312,"column":14},"end":{"line":312,"column":18}}],"line":300}},"s":{"0":9,"1":9,"2":9,"3":6,"4":6,"5":4,"6":4,"7":3,"8":3,"9":2,"10":1,"11":1,"12":1,"13":1,"14":0,"15":0,"16":0,"17":0,"18":0,"19":0,"20":0,"21":0,"22":0,"23":4,"24":4,"25":4,"26":3,"27":3,"28":3,"29":3,"30":3,"31":0,"32":3,"33":3,"34":0,"35":3,"36":0,"37":4,"38":4,"39":0,"40":0,"41":4,"42":4,"43":4,"44":4,"45":6,"46":6,"47":6,"48":6,"49":0,"50":0,"51":6,"52":12,"53":12,"54":10,"55":4,"56":2,"57":2,"58":2,"59":1,"60":6,"61":6,"62":6,"63":6,"64":6,"65":6,"66":2,"67":2,"68":2,"69":2,"70":2,"71":4,"72":1,"73":0,"74":0,"75":0,"76":0,"77":3,"78":3,"79":2,"80":2,"81":2,"82":0,"83":0,"84":2,"85":2,"86":2,"87":0,"88":2,"89":2,"90":2,"91":2,"92":2,"93":0,"94":0,"95":2,"96":2,"97":2,"98":2,"99":0,"100":0,"101":0,"102":0,"103":0,"104":0,"105":0,"106":0,"107":0,"108":0,"109":0,"110":0,"111":0,"112":0,"113":0,"114":0,"115":0,"116":0,"117":0,"118":0,"119":27,"120":27,"121":27,"122":27,"123":27,"124":0,"125":0,"126":0,"127":0,"128":27,"129":6,"130":1,"131":1},"f":{"0":9,"1":6,"2":1,"3":0,"4":0,"5":4,"6":3,"7":0,"8":4,"9":4,"10":6,"11":12,"12":6,"13":2,"14":2,"15":2,"16":2,"17":0,"18":0,"19":27,"20":0,"21":6,"22":5,"23":3},"b":{"0":[9,1,8],"1":[4,2],"2":[6,4,4],"3":[3,1],"4":[2,1],"5":[3,3],"6":[1,0],"7":[0,0],"8":[0,0],"9":[0,0],"10":[0,0],"11":[4,0],"12":[3,0],"13":[3,0],"14":[3,3,3],"15":[0],"16":[0,4],"17":[4,2],"18":[4,2],"19":[0,6],"20":[6,6],"21":[12,0],"22":[12,0],"23":[10,2],"24":[4,6],"25":[2,0],"26":[1,1],"27":[6,0],"28":[6,6],"29":[2,4],"30":[2,0],"31":[2,2],"32":[1,3],"33":[0,1],"34":[1,1],"35":[3,0],"36":[2,1],"37":[2,0],"38":[0,2],"39":[2,2],"40":[2,0],"41":[0,2],"42":[2,2],"43":[2,0],"44":[0,0],"45":[0,2],"46":[0,0],"47":[0,2],"48":[0,0],"49":[0,2],"50":[2,0],"51":[0,0],"52":[0,0],"53":[0],"54":[0,0],"55":[0,0],"56":[0,0],"57":[0,0],"58":[0,0],"59":[0,0],"60":[1,26],"61":[7,20],"62":[27,27],"63":[8,19]},"_coverageSchema":"332fd63041d2c1bcb487cc26dd0d5f7d97098a6c","hash":"69289508bc816fe0e12f689470f970818dc39973"}
}
