{"E:\\Project\\my-project\\react-component\\rcSearchSelect\\src\\rcSearchSelect\\ClickOut.jsx": {"path":"E:\\Project\\my-project\\react-component\\rcSearchSelect\\src\\rcSearchSelect\\ClickOut.jsx","statementMap":{"0":{"start":{"line":11,"column":15},"end":{"line":11,"column":19}},"1":{"start":{"line":12,"column":13},"end":{"line":12,"column":39}},"2":{"start":{"line":13,"column":4},"end":{"line":13,"column":18}},"3":{"start":{"line":15,"column":4},"end":{"line":24,"column":5}},"4":{"start":{"line":16,"column":6},"end":{"line":16,"column":62}},"5":{"start":{"line":16,"column":56},"end":{"line":16,"column":62}},"6":{"start":{"line":18,"column":28},"end":{"line":18,"column":49}},"7":{"start":{"line":19,"column":6},"end":{"line":21,"column":7}},"8":{"start":{"line":20,"column":8},"end":{"line":20,"column":57}},"9":{"start":{"line":23,"column":6},"end":{"line":23,"column":35}},"10":{"start":{"line":26,"column":4},"end":{"line":29,"column":5}},"11":{"start":{"line":27,"column":6},"end":{"line":27,"column":53}},"12":{"start":{"line":28,"column":6},"end":{"line":28,"column":34}},"13":{"start":{"line":31,"column":4},"end":{"line":34,"column":9}},"14":{"start":{"line":32,"column":6},"end":{"line":32,"column":34}},"15":{"start":{"line":32,"column":28},"end":{"line":32,"column":34}},"16":{"start":{"line":33,"column":6},"end":{"line":33,"column":46}},"17":{"start":{"line":38,"column":4},"end":{"line":38,"column":47}},"18":{"start":{"line":39,"column":4},"end":{"line":39,"column":27}},"19":{"start":{"line":43,"column":4},"end":{"line":43,"column":68}},"20":{"start":{"line":45,"column":4},"end":{"line":45,"column":68}},"21":{"start":{"line":49,"column":4},"end":{"line":53,"column":5}}},"fnMap":{"0":{"name":"(anonymous_0)","decl":{"start":{"line":10,"column":2},"end":{"line":10,"column":3}},"loc":{"start":{"line":10,"column":23},"end":{"line":35,"column":3}},"line":10},"1":{"name":"(anonymous_1)","decl":{"start":{"line":15,"column":29},"end":{"line":15,"column":30}},"loc":{"start":{"line":15,"column":42},"end":{"line":24,"column":5}},"line":15},"2":{"name":"(anonymous_2)","decl":{"start":{"line":26,"column":28},"end":{"line":26,"column":29}},"loc":{"start":{"line":26,"column":41},"end":{"line":29,"column":5}},"line":26},"3":{"name":"(anonymous_3)","decl":{"start":{"line":31,"column":15},"end":{"line":31,"column":16}},"loc":{"start":{"line":31,"column":27},"end":{"line":34,"column":5}},"line":31},"4":{"name":"(anonymous_4)","decl":{"start":{"line":37,"column":2},"end":{"line":37,"column":3}},"loc":{"start":{"line":37,"column":26},"end":{"line":40,"column":3}},"line":37},"5":{"name":"(anonymous_5)","decl":{"start":{"line":42,"column":2},"end":{"line":42,"column":3}},"loc":{"start":{"line":42,"column":35},"end":{"line":46,"column":3}},"line":42},"6":{"name":"(anonymous_6)","decl":{"start":{"line":48,"column":2},"end":{"line":48,"column":3}},"loc":{"start":{"line":48,"column":12},"end":{"line":54,"column":3}},"line":48}},"branchMap":{"0":{"loc":{"start":{"line":16,"column":6},"end":{"line":16,"column":62}},"type":"if","locations":[{"start":{"line":16,"column":6},"end":{"line":16,"column":62}},{"start":{"line":16,"column":6},"end":{"line":16,"column":62}}],"line":16},"1":{"loc":{"start":{"line":16,"column":11},"end":{"line":16,"column":36}},"type":"binary-expr","locations":[{"start":{"line":16,"column":11},"end":{"line":16,"column":30}},{"start":{"line":16,"column":34},"end":{"line":16,"column":36}}],"line":16},"2":{"loc":{"start":{"line":19,"column":6},"end":{"line":21,"column":7}},"type":"if","locations":[{"start":{"line":19,"column":6},"end":{"line":21,"column":7}},{"start":{"line":19,"column":6},"end":{"line":21,"column":7}}],"line":19},"3":{"loc":{"start":{"line":27,"column":28},"end":{"line":27,"column":53}},"type":"binary-expr","locations":[{"start":{"line":27,"column":28},"end":{"line":27,"column":47}},{"start":{"line":27,"column":51},"end":{"line":27,"column":53}}],"line":27},"4":{"loc":{"start":{"line":32,"column":6},"end":{"line":32,"column":34}},"type":"if","locations":[{"start":{"line":32,"column":6},"end":{"line":32,"column":34}},{"start":{"line":32,"column":6},"end":{"line":32,"column":34}}],"line":32},"5":{"loc":{"start":{"line":50,"column":6},"end":{"line":52,"column":50}},"type":"cond-expr","locations":[{"start":{"line":51,"column":10},"end":{"line":51,"column":42}},{"start":{"line":52,"column":10},"end":{"line":52,"column":50}}],"line":50}},"s":{"0":1,"1":1,"2":1,"3":1,"4":0,"5":0,"6":0,"7":0,"8":0,"9":0,"10":1,"11":0,"12":0,"13":1,"14":0,"15":0,"16":0,"17":0,"18":0,"19":0,"20":0,"21":4},"f":{"0":1,"1":0,"2":0,"3":0,"4":0,"5":0,"6":4},"b":{"0":[0,0],"1":[0,0],"2":[0,0],"3":[0,0],"4":[0,0],"5":[0,4]},"_coverageSchema":"332fd63041d2c1bcb487cc26dd0d5f7d97098a6c","hash":"d7b52fe0e405648872a7d1b0bc0ab13a260ef2b3"}
,"E:\\Project\\my-project\\react-component\\rcSearchSelect\\src\\rcSearchSelect\\SearchSelect.jsx": {"path":"E:\\Project\\my-project\\react-component\\rcSearchSelect\\src\\rcSearchSelect\\SearchSelect.jsx","statementMap":{"0":{"start":{"line":14,"column":4},"end":{"line":14,"column":16}},"1":{"start":{"line":15,"column":25},"end":{"line":15,"column":89}},"2":{"start":{"line":17,"column":4},"end":{"line":22,"column":5}},"3":{"start":{"line":26,"column":28},"end":{"line":26,"column":37}},"4":{"start":{"line":27,"column":4},"end":{"line":37,"column":5}},"5":{"start":{"line":28,"column":6},"end":{"line":28,"column":33}},"6":{"start":{"line":29,"column":6},"end":{"line":36,"column":7}},"7":{"start":{"line":30,"column":23},"end":{"line":30,"column":57}},"8":{"start":{"line":31,"column":8},"end":{"line":33,"column":9}},"9":{"start":{"line":32,"column":10},"end":{"line":32,"column":43}},"10":{"start":{"line":35,"column":8},"end":{"line":35,"column":24}},"11":{"start":{"line":41,"column":4},"end":{"line":49,"column":5}},"12":{"start":{"line":42,"column":6},"end":{"line":47,"column":8}},"13":{"start":{"line":48,"column":6},"end":{"line":48,"column":31}},"14":{"start":{"line":53,"column":4},"end":{"line":74,"column":5}},"15":{"start":{"line":54,"column":6},"end":{"line":59,"column":8}},"16":{"start":{"line":55,"column":8},"end":{"line":58,"column":9}},"17":{"start":{"line":61,"column":39},"end":{"line":61,"column":49}},"18":{"start":{"line":62,"column":6},"end":{"line":73,"column":7}},"19":{"start":{"line":63,"column":8},"end":{"line":63,"column":41}},"20":{"start":{"line":65,"column":8},"end":{"line":72,"column":9}},"21":{"start":{"line":66,"column":10},"end":{"line":70,"column":12}},"22":{"start":{"line":71,"column":10},"end":{"line":71,"column":35}},"23":{"start":{"line":78,"column":4},"end":{"line":83,"column":5}},"24":{"start":{"line":79,"column":29},"end":{"line":79,"column":39}},"25":{"start":{"line":80,"column":6},"end":{"line":82,"column":8}},"26":{"start":{"line":87,"column":27},"end":{"line":87,"column":37}},"27":{"start":{"line":88,"column":16},"end":{"line":88,"column":30}},"28":{"start":{"line":89,"column":19},"end":{"line":89,"column":21}},"29":{"start":{"line":90,"column":4},"end":{"line":94,"column":5}},"30":{"start":{"line":91,"column":6},"end":{"line":91,"column":37}},"31":{"start":{"line":93,"column":6},"end":{"line":93,"column":27}},"32":{"start":{"line":95,"column":4},"end":{"line":106,"column":5}},"33":{"start":{"line":96,"column":6},"end":{"line":99,"column":8}},"34":{"start":{"line":101,"column":6},"end":{"line":105,"column":8}},"35":{"start":{"line":107,"column":4},"end":{"line":107,"column":28}},"36":{"start":{"line":111,"column":4},"end":{"line":111,"column":30}},"37":{"start":{"line":115,"column":27},"end":{"line":115,"column":37}},"38":{"start":{"line":116,"column":4},"end":{"line":119,"column":5}},"39":{"start":{"line":117,"column":6},"end":{"line":117,"column":104}},"40":{"start":{"line":118,"column":6},"end":{"line":118,"column":12}},"41":{"start":{"line":120,"column":4},"end":{"line":120,"column":29}},"42":{"start":{"line":121,"column":16},"end":{"line":121,"column":46}},"43":{"start":{"line":122,"column":4},"end":{"line":129,"column":6}},"44":{"start":{"line":123,"column":6},"end":{"line":128,"column":7}},"45":{"start":{"line":133,"column":23},"end":{"line":133,"column":44}},"46":{"start":{"line":134,"column":19},"end":{"line":134,"column":21}},"47":{"start":{"line":135,"column":27},"end":{"line":135,"column":37}},"48":{"start":{"line":136,"column":4},"end":{"line":139,"column":5}},"49":{"start":{"line":137,"column":6},"end":{"line":137,"column":80}},"50":{"start":{"line":138,"column":6},"end":{"line":138,"column":12}},"51":{"start":{"line":140,"column":4},"end":{"line":145,"column":6}},"52":{"start":{"line":141,"column":20},"end":{"line":141,"column":50}},"53":{"start":{"line":142,"column":6},"end":{"line":144,"column":7}},"54":{"start":{"line":143,"column":8},"end":{"line":143,"column":27}},"55":{"start":{"line":146,"column":4},"end":{"line":146,"column":19}},"56":{"start":{"line":151,"column":19},"end":{"line":151,"column":39}},"57":{"start":{"line":153,"column":35},"end":{"line":153,"column":45}},"58":{"start":{"line":154,"column":25},"end":{"line":154,"column":35}},"59":{"start":{"line":155,"column":25},"end":{"line":155,"column":56}},"60":{"start":{"line":156,"column":4},"end":{"line":186,"column":5}},"61":{"start":{"line":157,"column":6},"end":{"line":162,"column":7}},"62":{"start":{"line":158,"column":8},"end":{"line":158,"column":31}},"63":{"start":{"line":159,"column":24},"end":{"line":159,"column":62}},"64":{"start":{"line":160,"column":8},"end":{"line":160,"column":42}},"65":{"start":{"line":161,"column":8},"end":{"line":161,"column":38}},"66":{"start":{"line":163,"column":11},"end":{"line":186,"column":5}},"67":{"start":{"line":164,"column":6},"end":{"line":169,"column":7}},"68":{"start":{"line":165,"column":8},"end":{"line":165,"column":31}},"69":{"start":{"line":166,"column":24},"end":{"line":166,"column":62}},"70":{"start":{"line":167,"column":8},"end":{"line":167,"column":42}},"71":{"start":{"line":168,"column":8},"end":{"line":168,"column":38}},"72":{"start":{"line":170,"column":11},"end":{"line":186,"column":5}},"73":{"start":{"line":171,"column":6},"end":{"line":185,"column":7}},"74":{"start":{"line":172,"column":21},"end":{"line":172,"column":84}},"75":{"start":{"line":173,"column":20},"end":{"line":173,"column":49}},"76":{"start":{"line":174,"column":8},"end":{"line":177,"column":9}},"77":{"start":{"line":175,"column":10},"end":{"line":175,"column":126}},"78":{"start":{"line":176,"column":10},"end":{"line":176,"column":16}},"79":{"start":{"line":178,"column":18},"end":{"line":178,"column":22}},"80":{"start":{"line":179,"column":8},"end":{"line":183,"column":10}},"81":{"start":{"line":180,"column":10},"end":{"line":182,"column":11}},"82":{"start":{"line":181,"column":12},"end":{"line":181,"column":22}},"83":{"start":{"line":184,"column":8},"end":{"line":184,"column":33}},"84":{"start":{"line":190,"column":4},"end":{"line":190,"column":58}},"85":{"start":{"line":191,"column":4},"end":{"line":191,"column":108}},"86":{"start":{"line":195,"column":15},"end":{"line":195,"column":57}},"87":{"start":{"line":196,"column":4},"end":{"line":200,"column":5}},"88":{"start":{"line":197,"column":6},"end":{"line":199,"column":7}},"89":{"start":{"line":198,"column":8},"end":{"line":198,"column":42}},"90":{"start":{"line":204,"column":19},"end":{"line":204,"column":51}},"91":{"start":{"line":205,"column":20},"end":{"line":205,"column":90}},"92":{"start":{"line":206,"column":4},"end":{"line":206,"column":89}},"93":{"start":{"line":207,"column":4},"end":{"line":213,"column":5}},"94":{"start":{"line":208,"column":6},"end":{"line":212,"column":7}},"95":{"start":{"line":209,"column":8},"end":{"line":209,"column":55}},"96":{"start":{"line":210,"column":13},"end":{"line":212,"column":7}},"97":{"start":{"line":211,"column":8},"end":{"line":211,"column":48}},"98":{"start":{"line":218,"column":37},"end":{"line":218,"column":47}},"99":{"start":{"line":219,"column":4},"end":{"line":233,"column":5}},"100":{"start":{"line":220,"column":20},"end":{"line":220,"column":25}},"101":{"start":{"line":221,"column":18},"end":{"line":221,"column":25}},"102":{"start":{"line":222,"column":6},"end":{"line":225,"column":7}},"103":{"start":{"line":223,"column":8},"end":{"line":223,"column":63}},"104":{"start":{"line":224,"column":8},"end":{"line":224,"column":22}},"105":{"start":{"line":226,"column":6},"end":{"line":229,"column":7}},"106":{"start":{"line":227,"column":8},"end":{"line":227,"column":82}},"107":{"start":{"line":228,"column":8},"end":{"line":228,"column":22}},"108":{"start":{"line":230,"column":6},"end":{"line":232,"column":7}},"109":{"start":{"line":231,"column":8},"end":{"line":231,"column":19}},"110":{"start":{"line":234,"column":4},"end":{"line":239,"column":6}},"111":{"start":{"line":235,"column":14},"end":{"line":235,"column":23}},"112":{"start":{"line":236,"column":6},"end":{"line":238,"column":7}},"113":{"start":{"line":237,"column":8},"end":{"line":237,"column":202}},"114":{"start":{"line":243,"column":35},"end":{"line":243,"column":45}},"115":{"start":{"line":244,"column":77},"end":{"line":244,"column":87}},"116":{"start":{"line":245,"column":17},"end":{"line":245,"column":19}},"117":{"start":{"line":246,"column":22},"end":{"line":246,"column":68}},"118":{"start":{"line":248,"column":23},"end":{"line":253,"column":5}},"119":{"start":{"line":249,"column":14},"end":{"line":249,"column":23}},"120":{"start":{"line":249,"column":32},"end":{"line":249,"column":47}},"121":{"start":{"line":250,"column":6},"end":{"line":252,"column":7}},"122":{"start":{"line":251,"column":8},"end":{"line":251,"column":188}},"123":{"start":{"line":254,"column":4},"end":{"line":309,"column":5}},"124":{"start":{"line":266,"column":28},"end":{"line":272,"column":30}},"125":{"start":{"line":313,"column":0},"end":{"line":324,"column":1}},"126":{"start":{"line":326,"column":0},"end":{"line":337,"column":1}}},"fnMap":{"0":{"name":"(anonymous_0)","decl":{"start":{"line":13,"column":2},"end":{"line":13,"column":3}},"loc":{"start":{"line":13,"column":21},"end":{"line":23,"column":3}},"line":13},"1":{"name":"(anonymous_1)","decl":{"start":{"line":25,"column":2},"end":{"line":25,"column":3}},"loc":{"start":{"line":25,"column":39},"end":{"line":38,"column":3}},"line":25},"2":{"name":"(anonymous_2)","decl":{"start":{"line":40,"column":2},"end":{"line":40,"column":3}},"loc":{"start":{"line":40,"column":15},"end":{"line":50,"column":3}},"line":40},"3":{"name":"(anonymous_3)","decl":{"start":{"line":52,"column":2},"end":{"line":52,"column":3}},"loc":{"start":{"line":52,"column":13},"end":{"line":75,"column":3}},"line":52},"4":{"name":"(anonymous_4)","decl":{"start":{"line":54,"column":20},"end":{"line":54,"column":21}},"loc":{"start":{"line":54,"column":42},"end":{"line":59,"column":7}},"line":54},"5":{"name":"(anonymous_5)","decl":{"start":{"line":77,"column":2},"end":{"line":77,"column":3}},"loc":{"start":{"line":77,"column":14},"end":{"line":84,"column":3}},"line":77},"6":{"name":"(anonymous_6)","decl":{"start":{"line":86,"column":2},"end":{"line":86,"column":3}},"loc":{"start":{"line":86,"column":15},"end":{"line":108,"column":3}},"line":86},"7":{"name":"(anonymous_7)","decl":{"start":{"line":110,"column":2},"end":{"line":110,"column":3}},"loc":{"start":{"line":110,"column":22},"end":{"line":112,"column":3}},"line":110},"8":{"name":"(anonymous_8)","decl":{"start":{"line":114,"column":2},"end":{"line":114,"column":3}},"loc":{"start":{"line":114,"column":29},"end":{"line":130,"column":3}},"line":114},"9":{"name":"(anonymous_9)","decl":{"start":{"line":122,"column":18},"end":{"line":122,"column":19}},"loc":{"start":{"line":122,"column":40},"end":{"line":129,"column":5}},"line":122},"10":{"name":"(anonymous_10)","decl":{"start":{"line":132,"column":2},"end":{"line":132,"column":3}},"loc":{"start":{"line":132,"column":18},"end":{"line":147,"column":3}},"line":132},"11":{"name":"(anonymous_11)","decl":{"start":{"line":140,"column":19},"end":{"line":140,"column":20}},"loc":{"start":{"line":140,"column":27},"end":{"line":145,"column":5}},"line":140},"12":{"name":"(anonymous_12)","decl":{"start":{"line":149,"column":2},"end":{"line":149,"column":3}},"loc":{"start":{"line":149,"column":21},"end":{"line":187,"column":3}},"line":149},"13":{"name":"(anonymous_13)","decl":{"start":{"line":179,"column":21},"end":{"line":179,"column":22}},"loc":{"start":{"line":179,"column":29},"end":{"line":183,"column":9}},"line":179},"14":{"name":"(anonymous_14)","decl":{"start":{"line":189,"column":2},"end":{"line":189,"column":3}},"loc":{"start":{"line":189,"column":32},"end":{"line":192,"column":3}},"line":189},"15":{"name":"(anonymous_15)","decl":{"start":{"line":194,"column":2},"end":{"line":194,"column":3}},"loc":{"start":{"line":194,"column":44},"end":{"line":201,"column":3}},"line":194},"16":{"name":"(anonymous_16)","decl":{"start":{"line":203,"column":2},"end":{"line":203,"column":3}},"loc":{"start":{"line":203,"column":28},"end":{"line":214,"column":3}},"line":203},"17":{"name":"(anonymous_17)","decl":{"start":{"line":217,"column":2},"end":{"line":217,"column":3}},"loc":{"start":{"line":217,"column":28},"end":{"line":240,"column":3}},"line":217},"18":{"name":"(anonymous_18)","decl":{"start":{"line":234,"column":20},"end":{"line":234,"column":21}},"loc":{"start":{"line":234,"column":37},"end":{"line":239,"column":5}},"line":234},"19":{"name":"(anonymous_19)","decl":{"start":{"line":242,"column":2},"end":{"line":242,"column":3}},"loc":{"start":{"line":242,"column":11},"end":{"line":310,"column":3}},"line":242},"20":{"name":"(anonymous_20)","decl":{"start":{"line":248,"column":23},"end":{"line":248,"column":24}},"loc":{"start":{"line":248,"column":50},"end":{"line":253,"column":5}},"line":248},"21":{"name":"(anonymous_21)","decl":{"start":{"line":265,"column":27},"end":{"line":265,"column":28}},"loc":{"start":{"line":266,"column":28},"end":{"line":272,"column":30}},"line":266},"22":{"name":"(anonymous_22)","decl":{"start":{"line":330,"column":12},"end":{"line":330,"column":13}},"loc":{"start":{"line":330,"column":19},"end":{"line":330,"column":21}},"line":330},"23":{"name":"(anonymous_23)","decl":{"start":{"line":333,"column":12},"end":{"line":333,"column":13}},"loc":{"start":{"line":333,"column":19},"end":{"line":333,"column":21}},"line":333}},"branchMap":{"0":{"loc":{"start":{"line":15,"column":25},"end":{"line":15,"column":89}},"type":"binary-expr","locations":[{"start":{"line":15,"column":25},"end":{"line":15,"column":43}},{"start":{"line":15,"column":47},"end":{"line":15,"column":83}},{"start":{"line":15,"column":87},"end":{"line":15,"column":89}}],"line":15},"1":{"loc":{"start":{"line":27,"column":4},"end":{"line":37,"column":5}},"type":"if","locations":[{"start":{"line":27,"column":4},"end":{"line":37,"column":5}},{"start":{"line":27,"column":4},"end":{"line":37,"column":5}}],"line":27},"2":{"loc":{"start":{"line":27,"column":8},"end":{"line":27,"column":70}},"type":"binary-expr","locations":[{"start":{"line":27,"column":8},"end":{"line":27,"column":19}},{"start":{"line":27,"column":23},"end":{"line":27,"column":37}},{"start":{"line":27,"column":41},"end":{"line":27,"column":70}}],"line":27},"3":{"loc":{"start":{"line":29,"column":6},"end":{"line":36,"column":7}},"type":"if","locations":[{"start":{"line":29,"column":6},"end":{"line":36,"column":7}},{"start":{"line":29,"column":6},"end":{"line":36,"column":7}}],"line":29},"4":{"loc":{"start":{"line":31,"column":8},"end":{"line":33,"column":9}},"type":"if","locations":[{"start":{"line":31,"column":8},"end":{"line":33,"column":9}},{"start":{"line":31,"column":8},"end":{"line":33,"column":9}}],"line":31},"5":{"loc":{"start":{"line":31,"column":12},"end":{"line":31,"column":39}},"type":"binary-expr","locations":[{"start":{"line":31,"column":12},"end":{"line":31,"column":20}},{"start":{"line":31,"column":24},"end":{"line":31,"column":39}}],"line":31},"6":{"loc":{"start":{"line":41,"column":4},"end":{"line":49,"column":5}},"type":"if","locations":[{"start":{"line":41,"column":4},"end":{"line":49,"column":5}},{"start":{"line":41,"column":4},"end":{"line":49,"column":5}}],"line":41},"7":{"loc":{"start":{"line":53,"column":4},"end":{"line":74,"column":5}},"type":"if","locations":[{"start":{"line":53,"column":4},"end":{"line":74,"column":5}},{"start":{"line":53,"column":4},"end":{"line":74,"column":5}}],"line":53},"8":{"loc":{"start":{"line":62,"column":6},"end":{"line":73,"column":7}},"type":"if","locations":[{"start":{"line":62,"column":6},"end":{"line":73,"column":7}},{"start":{"line":62,"column":6},"end":{"line":73,"column":7}}],"line":62},"9":{"loc":{"start":{"line":62,"column":10},"end":{"line":62,"column":37}},"type":"binary-expr","locations":[{"start":{"line":62,"column":10},"end":{"line":62,"column":18}},{"start":{"line":62,"column":22},"end":{"line":62,"column":37}}],"line":62},"10":{"loc":{"start":{"line":65,"column":8},"end":{"line":72,"column":9}},"type":"if","locations":[{"start":{"line":65,"column":8},"end":{"line":72,"column":9}},{"start":{"line":65,"column":8},"end":{"line":72,"column":9}}],"line":65},"11":{"loc":{"start":{"line":78,"column":4},"end":{"line":83,"column":5}},"type":"if","locations":[{"start":{"line":78,"column":4},"end":{"line":83,"column":5}},{"start":{"line":78,"column":4},"end":{"line":83,"column":5}}],"line":78},"12":{"loc":{"start":{"line":90,"column":4},"end":{"line":94,"column":5}},"type":"if","locations":[{"start":{"line":90,"column":4},"end":{"line":94,"column":5}},{"start":{"line":90,"column":4},"end":{"line":94,"column":5}}],"line":90},"13":{"loc":{"start":{"line":95,"column":4},"end":{"line":106,"column":5}},"type":"if","locations":[{"start":{"line":95,"column":4},"end":{"line":106,"column":5}},{"start":{"line":95,"column":4},"end":{"line":106,"column":5}}],"line":95},"14":{"loc":{"start":{"line":95,"column":8},"end":{"line":95,"column":42}},"type":"binary-expr","locations":[{"start":{"line":95,"column":8},"end":{"line":95,"column":11}},{"start":{"line":95,"column":15},"end":{"line":95,"column":23}},{"start":{"line":95,"column":27},"end":{"line":95,"column":42}}],"line":95},"15":{"loc":{"start":{"line":114,"column":18},"end":{"line":114,"column":27}},"type":"default-arg","locations":[{"start":{"line":114,"column":23},"end":{"line":114,"column":27}}],"line":114},"16":{"loc":{"start":{"line":116,"column":4},"end":{"line":119,"column":5}},"type":"if","locations":[{"start":{"line":116,"column":4},"end":{"line":119,"column":5}},{"start":{"line":116,"column":4},"end":{"line":119,"column":5}}],"line":116},"17":{"loc":{"start":{"line":116,"column":8},"end":{"line":116,"column":37}},"type":"binary-expr","locations":[{"start":{"line":116,"column":8},"end":{"line":116,"column":12}},{"start":{"line":116,"column":16},"end":{"line":116,"column":37}}],"line":116},"18":{"loc":{"start":{"line":121,"column":16},"end":{"line":121,"column":46}},"type":"binary-expr","locations":[{"start":{"line":121,"column":16},"end":{"line":121,"column":20}},{"start":{"line":121,"column":24},"end":{"line":121,"column":40}},{"start":{"line":121,"column":44},"end":{"line":121,"column":46}}],"line":121},"19":{"loc":{"start":{"line":136,"column":4},"end":{"line":139,"column":5}},"type":"if","locations":[{"start":{"line":136,"column":4},"end":{"line":139,"column":5}},{"start":{"line":136,"column":4},"end":{"line":139,"column":5}}],"line":136},"20":{"loc":{"start":{"line":136,"column":8},"end":{"line":136,"column":59}},"type":"binary-expr","locations":[{"start":{"line":136,"column":8},"end":{"line":136,"column":25}},{"start":{"line":136,"column":29},"end":{"line":136,"column":59}}],"line":136},"21":{"loc":{"start":{"line":141,"column":20},"end":{"line":141,"column":50}},"type":"binary-expr","locations":[{"start":{"line":141,"column":20},"end":{"line":141,"column":24}},{"start":{"line":141,"column":28},"end":{"line":141,"column":44}},{"start":{"line":141,"column":48},"end":{"line":141,"column":50}}],"line":141},"22":{"loc":{"start":{"line":142,"column":6},"end":{"line":144,"column":7}},"type":"if","locations":[{"start":{"line":142,"column":6},"end":{"line":144,"column":7}},{"start":{"line":142,"column":6},"end":{"line":144,"column":7}}],"line":142},"23":{"loc":{"start":{"line":151,"column":19},"end":{"line":151,"column":39}},"type":"binary-expr","locations":[{"start":{"line":151,"column":19},"end":{"line":151,"column":28}},{"start":{"line":151,"column":32},"end":{"line":151,"column":39}}],"line":151},"24":{"loc":{"start":{"line":155,"column":28},"end":{"line":155,"column":55}},"type":"binary-expr","locations":[{"start":{"line":155,"column":28},"end":{"line":155,"column":36}},{"start":{"line":155,"column":40},"end":{"line":155,"column":55}}],"line":155},"25":{"loc":{"start":{"line":156,"column":4},"end":{"line":186,"column":5}},"type":"if","locations":[{"start":{"line":156,"column":4},"end":{"line":186,"column":5}},{"start":{"line":156,"column":4},"end":{"line":186,"column":5}}],"line":156},"26":{"loc":{"start":{"line":157,"column":6},"end":{"line":162,"column":7}},"type":"if","locations":[{"start":{"line":157,"column":6},"end":{"line":162,"column":7}},{"start":{"line":157,"column":6},"end":{"line":162,"column":7}}],"line":157},"27":{"loc":{"start":{"line":157,"column":10},"end":{"line":157,"column":65}},"type":"binary-expr","locations":[{"start":{"line":157,"column":10},"end":{"line":157,"column":22}},{"start":{"line":157,"column":26},"end":{"line":157,"column":65}}],"line":157},"28":{"loc":{"start":{"line":163,"column":11},"end":{"line":186,"column":5}},"type":"if","locations":[{"start":{"line":163,"column":11},"end":{"line":186,"column":5}},{"start":{"line":163,"column":11},"end":{"line":186,"column":5}}],"line":163},"29":{"loc":{"start":{"line":164,"column":6},"end":{"line":169,"column":7}},"type":"if","locations":[{"start":{"line":164,"column":6},"end":{"line":169,"column":7}},{"start":{"line":164,"column":6},"end":{"line":169,"column":7}}],"line":164},"30":{"loc":{"start":{"line":164,"column":10},"end":{"line":164,"column":51}},"type":"binary-expr","locations":[{"start":{"line":164,"column":10},"end":{"line":164,"column":22}},{"start":{"line":164,"column":26},"end":{"line":164,"column":51}}],"line":164},"31":{"loc":{"start":{"line":170,"column":11},"end":{"line":186,"column":5}},"type":"if","locations":[{"start":{"line":170,"column":11},"end":{"line":186,"column":5}},{"start":{"line":170,"column":11},"end":{"line":186,"column":5}}],"line":170},"32":{"loc":{"start":{"line":171,"column":6},"end":{"line":185,"column":7}},"type":"if","locations":[{"start":{"line":171,"column":6},"end":{"line":185,"column":7}},{"start":{"line":171,"column":6},"end":{"line":185,"column":7}}],"line":171},"33":{"loc":{"start":{"line":174,"column":8},"end":{"line":177,"column":9}},"type":"if","locations":[{"start":{"line":174,"column":8},"end":{"line":177,"column":9}},{"start":{"line":174,"column":8},"end":{"line":177,"column":9}}],"line":174},"34":{"loc":{"start":{"line":174,"column":12},"end":{"line":174,"column":63}},"type":"binary-expr","locations":[{"start":{"line":174,"column":12},"end":{"line":174,"column":21}},{"start":{"line":174,"column":25},"end":{"line":174,"column":63}}],"line":174},"35":{"loc":{"start":{"line":174,"column":40},"end":{"line":174,"column":61}},"type":"binary-expr","locations":[{"start":{"line":174,"column":40},"end":{"line":174,"column":51}},{"start":{"line":174,"column":55},"end":{"line":174,"column":61}}],"line":174},"36":{"loc":{"start":{"line":180,"column":10},"end":{"line":182,"column":11}},"type":"if","locations":[{"start":{"line":180,"column":10},"end":{"line":182,"column":11}},{"start":{"line":180,"column":10},"end":{"line":182,"column":11}}],"line":180},"37":{"loc":{"start":{"line":180,"column":14},"end":{"line":180,"column":43}},"type":"binary-expr","locations":[{"start":{"line":180,"column":14},"end":{"line":180,"column":18}},{"start":{"line":180,"column":22},"end":{"line":180,"column":43}}],"line":180},"38":{"loc":{"start":{"line":191,"column":4},"end":{"line":191,"column":108}},"type":"binary-expr","locations":[{"start":{"line":191,"column":4},"end":{"line":191,"column":36}},{"start":{"line":191,"column":41},"end":{"line":191,"column":107}}],"line":191},"39":{"loc":{"start":{"line":197,"column":6},"end":{"line":199,"column":7}},"type":"if","locations":[{"start":{"line":197,"column":6},"end":{"line":199,"column":7}},{"start":{"line":197,"column":6},"end":{"line":199,"column":7}}],"line":197},"40":{"loc":{"start":{"line":205,"column":20},"end":{"line":205,"column":90}},"type":"cond-expr","locations":[{"start":{"line":205,"column":32},"end":{"line":205,"column":77}},{"start":{"line":205,"column":81},"end":{"line":205,"column":90}}],"line":205},"41":{"loc":{"start":{"line":205,"column":32},"end":{"line":205,"column":77}},"type":"binary-expr","locations":[{"start":{"line":205,"column":32},"end":{"line":205,"column":51}},{"start":{"line":205,"column":55},"end":{"line":205,"column":77}}],"line":205},"42":{"loc":{"start":{"line":206,"column":16},"end":{"line":206,"column":89}},"type":"cond-expr","locations":[{"start":{"line":206,"column":29},"end":{"line":206,"column":76}},{"start":{"line":206,"column":80},"end":{"line":206,"column":89}}],"line":206},"43":{"loc":{"start":{"line":206,"column":29},"end":{"line":206,"column":76}},"type":"binary-expr","locations":[{"start":{"line":206,"column":29},"end":{"line":206,"column":49}},{"start":{"line":206,"column":53},"end":{"line":206,"column":76}}],"line":206},"44":{"loc":{"start":{"line":207,"column":4},"end":{"line":213,"column":5}},"type":"if","locations":[{"start":{"line":207,"column":4},"end":{"line":213,"column":5}},{"start":{"line":207,"column":4},"end":{"line":213,"column":5}}],"line":207},"45":{"loc":{"start":{"line":207,"column":8},"end":{"line":207,"column":29}},"type":"binary-expr","locations":[{"start":{"line":207,"column":8},"end":{"line":207,"column":16}},{"start":{"line":207,"column":20},"end":{"line":207,"column":29}}],"line":207},"46":{"loc":{"start":{"line":208,"column":6},"end":{"line":212,"column":7}},"type":"if","locations":[{"start":{"line":208,"column":6},"end":{"line":212,"column":7}},{"start":{"line":208,"column":6},"end":{"line":212,"column":7}}],"line":208},"47":{"loc":{"start":{"line":210,"column":13},"end":{"line":212,"column":7}},"type":"if","locations":[{"start":{"line":210,"column":13},"end":{"line":212,"column":7}},{"start":{"line":210,"column":13},"end":{"line":212,"column":7}}],"line":210},"48":{"loc":{"start":{"line":217,"column":17},"end":{"line":217,"column":26}},"type":"default-arg","locations":[{"start":{"line":217,"column":24},"end":{"line":217,"column":26}}],"line":217},"49":{"loc":{"start":{"line":219,"column":4},"end":{"line":233,"column":5}},"type":"if","locations":[{"start":{"line":219,"column":4},"end":{"line":233,"column":5}},{"start":{"line":219,"column":4},"end":{"line":233,"column":5}}],"line":219},"50":{"loc":{"start":{"line":222,"column":6},"end":{"line":225,"column":7}},"type":"if","locations":[{"start":{"line":222,"column":6},"end":{"line":225,"column":7}},{"start":{"line":222,"column":6},"end":{"line":225,"column":7}}],"line":222},"51":{"loc":{"start":{"line":226,"column":6},"end":{"line":229,"column":7}},"type":"if","locations":[{"start":{"line":226,"column":6},"end":{"line":229,"column":7}},{"start":{"line":226,"column":6},"end":{"line":229,"column":7}}],"line":226},"52":{"loc":{"start":{"line":230,"column":6},"end":{"line":232,"column":7}},"type":"if","locations":[{"start":{"line":230,"column":6},"end":{"line":232,"column":7}},{"start":{"line":230,"column":6},"end":{"line":232,"column":7}}],"line":230},"53":{"loc":{"start":{"line":236,"column":6},"end":{"line":238,"column":7}},"type":"if","locations":[{"start":{"line":236,"column":6},"end":{"line":238,"column":7}},{"start":{"line":236,"column":6},"end":{"line":238,"column":7}}],"line":236},"54":{"loc":{"start":{"line":250,"column":6},"end":{"line":252,"column":7}},"type":"if","locations":[{"start":{"line":250,"column":6},"end":{"line":252,"column":7}},{"start":{"line":250,"column":6},"end":{"line":252,"column":7}}],"line":250},"55":{"loc":{"start":{"line":258,"column":28},"end":{"line":258,"column":84}},"type":"cond-expr","locations":[{"start":{"line":258,"column":49},"end":{"line":258,"column":64}},{"start":{"line":258,"column":67},"end":{"line":258,"column":84}}],"line":258},"56":{"loc":{"start":{"line":261,"column":18},"end":{"line":278,"column":24}},"type":"cond-expr","locations":[{"start":{"line":262,"column":20},"end":{"line":276,"column":26}},{"start":{"line":278,"column":20},"end":{"line":278,"column":24}}],"line":261},"57":{"loc":{"start":{"line":261,"column":18},"end":{"line":261,"column":45}},"type":"binary-expr","locations":[{"start":{"line":261,"column":18},"end":{"line":261,"column":26}},{"start":{"line":261,"column":30},"end":{"line":261,"column":45}}],"line":261},"58":{"loc":{"start":{"line":292,"column":14},"end":{"line":304,"column":18}},"type":"cond-expr","locations":[{"start":{"line":293,"column":14},"end":{"line":302,"column":21}},{"start":{"line":304,"column":14},"end":{"line":304,"column":18}}],"line":292}},"s":{"0":7,"1":7,"2":7,"3":5,"4":5,"5":4,"6":4,"7":3,"8":3,"9":2,"10":1,"11":1,"12":1,"13":1,"14":0,"15":0,"16":0,"17":0,"18":0,"19":0,"20":0,"21":0,"22":0,"23":2,"24":2,"25":2,"26":1,"27":1,"28":1,"29":1,"30":1,"31":0,"32":1,"33":1,"34":0,"35":1,"36":0,"37":2,"38":2,"39":0,"40":0,"41":2,"42":2,"43":2,"44":2,"45":4,"46":4,"47":4,"48":4,"49":0,"50":0,"51":4,"52":8,"53":8,"54":3,"55":4,"56":0,"57":0,"58":0,"59":0,"60":0,"61":0,"62":0,"63":0,"64":0,"65":0,"66":0,"67":0,"68":0,"69":0,"70":0,"71":0,"72":0,"73":0,"74":0,"75":0,"76":0,"77":0,"78":0,"79":0,"80":0,"81":0,"82":0,"83":0,"84":0,"85":0,"86":0,"87":0,"88":0,"89":0,"90":0,"91":0,"92":0,"93":0,"94":0,"95":0,"96":0,"97":0,"98":0,"99":0,"100":0,"101":0,"102":0,"103":0,"104":0,"105":0,"106":0,"107":0,"108":0,"109":0,"110":0,"111":0,"112":0,"113":0,"114":18,"115":18,"116":18,"117":18,"118":18,"119":0,"120":0,"121":0,"122":0,"123":18,"124":2,"125":1,"126":1},"f":{"0":7,"1":5,"2":1,"3":0,"4":0,"5":2,"6":1,"7":0,"8":2,"9":2,"10":4,"11":8,"12":0,"13":0,"14":0,"15":0,"16":0,"17":0,"18":0,"19":18,"20":0,"21":2,"22":3,"23":1},"b":{"0":[7,1,6],"1":[4,1],"2":[5,4,4],"3":[3,1],"4":[2,1],"5":[3,3],"6":[1,0],"7":[0,0],"8":[0,0],"9":[0,0],"10":[0,0],"11":[2,0],"12":[1,0],"13":[1,0],"14":[1,1,1],"15":[0],"16":[0,2],"17":[2,2],"18":[2,2,0],"19":[0,4],"20":[4,4],"21":[8,8,0],"22":[3,5],"23":[0,0],"24":[0,0],"25":[0,0],"26":[0,0],"27":[0,0],"28":[0,0],"29":[0,0],"30":[0,0],"31":[0,0],"32":[0,0],"33":[0,0],"34":[0,0],"35":[0,0],"36":[0,0],"37":[0,0],"38":[0,0],"39":[0,0],"40":[0,0],"41":[0,0],"42":[0,0],"43":[0,0],"44":[0,0],"45":[0,0],"46":[0,0],"47":[0,0],"48":[0],"49":[0,0],"50":[0,0],"51":[0,0],"52":[0,0],"53":[0,0],"54":[0,0],"55":[1,17],"56":[3,15],"57":[18,18],"58":[6,12]},"_coverageSchema":"332fd63041d2c1bcb487cc26dd0d5f7d97098a6c","hash":"51cf668de651a28b9751e0c82394ed435f4f4310"}
}
