TN:
SF:E:\Project\my-project\react-component\rcSearchSelect\src\rcSearchSelect\ClickOut.jsx
FN:10,(anonymous_0)
FN:15,(anonymous_1)
FN:26,(anonymous_2)
FN:31,(anonymous_3)
FN:37,(anonymous_4)
FN:42,(anonymous_5)
FN:48,(anonymous_6)
FNF:7
FNH:2
FNDA:4,(anonymous_0)
FNDA:0,(anonymous_1)
FNDA:0,(anonymous_2)
FNDA:0,(anonymous_3)
FNDA:0,(anonymous_4)
FNDA:0,(anonymous_5)
FNDA:15,(anonymous_6)
DA:11,4
DA:12,4
DA:13,4
DA:15,4
DA:16,0
DA:18,0
DA:19,0
DA:20,0
DA:23,0
DA:26,4
DA:27,0
DA:28,0
DA:31,4
DA:32,0
DA:33,0
DA:38,0
DA:39,0
DA:43,0
DA:45,0
DA:49,15
LF:20
LH:7
BRDA:16,0,0,0
BRDA:16,0,1,0
BRDA:16,1,0,0
BRDA:16,1,1,0
BRDA:19,2,0,0
BRDA:19,2,1,0
BRDA:27,3,0,0
BRDA:27,3,1,0
BRDA:32,4,0,0
BRDA:32,4,1,0
BRDA:50,5,0,0
BRDA:50,5,1,15
BRF:12
BRH:1
end_of_record
TN:
SF:E:\Project\my-project\react-component\rcSearchSelect\src\rcSearchSelect\SearchSelect.jsx
FN:13,(anonymous_0)
FN:25,(anonymous_1)
FN:40,(anonymous_2)
FN:52,(anonymous_3)
FN:54,(anonymous_4)
FN:77,(anonymous_5)
FN:86,(anonymous_6)
FN:110,(anonymous_7)
FN:114,(anonymous_8)
FN:122,(anonymous_9)
FN:132,(anonymous_10)
FN:140,(anonymous_11)
FN:157,(anonymous_12)
FN:187,(anonymous_13)
FN:197,(anonymous_14)
FN:202,(anonymous_15)
FN:211,(anonymous_16)
FN:225,(anonymous_17)
FN:242,(anonymous_18)
FN:250,(anonymous_19)
FN:256,(anonymous_20)
FN:273,(anonymous_21)
FN:339,(anonymous_22)
FN:342,(anonymous_23)
FNF:24
FNH:18
FNDA:9,(anonymous_0)
FNDA:6,(anonymous_1)
FNDA:1,(anonymous_2)
FNDA:0,(anonymous_3)
FNDA:0,(anonymous_4)
FNDA:4,(anonymous_5)
FNDA:3,(anonymous_6)
FNDA:0,(anonymous_7)
FNDA:4,(anonymous_8)
FNDA:4,(anonymous_9)
FNDA:6,(anonymous_10)
FNDA:12,(anonymous_11)
FNDA:6,(anonymous_12)
FNDA:2,(anonymous_13)
FNDA:2,(anonymous_14)
FNDA:2,(anonymous_15)
FNDA:2,(anonymous_16)
FNDA:0,(anonymous_17)
FNDA:0,(anonymous_18)
FNDA:27,(anonymous_19)
FNDA:0,(anonymous_20)
FNDA:6,(anonymous_21)
FNDA:5,(anonymous_22)
FNDA:3,(anonymous_23)
DA:14,9
DA:15,9
DA:17,9
DA:26,6
DA:27,6
DA:28,4
DA:29,4
DA:30,3
DA:31,3
DA:32,2
DA:35,1
DA:41,1
DA:42,1
DA:48,1
DA:53,0
DA:54,0
DA:55,0
DA:61,0
DA:62,0
DA:63,0
DA:65,0
DA:66,0
DA:71,0
DA:78,4
DA:79,4
DA:80,4
DA:87,3
DA:88,3
DA:89,3
DA:90,3
DA:91,3
DA:93,0
DA:95,3
DA:96,3
DA:101,0
DA:107,3
DA:111,0
DA:115,4
DA:116,4
DA:117,0
DA:118,0
DA:120,4
DA:121,4
DA:122,4
DA:123,4
DA:133,6
DA:134,6
DA:135,6
DA:136,6
DA:137,0
DA:138,0
DA:140,6
DA:141,12
DA:142,12
DA:143,10
DA:144,4
DA:147,2
DA:148,2
DA:149,2
DA:150,1
DA:154,6
DA:159,6
DA:161,6
DA:162,6
DA:163,6
DA:164,6
DA:165,2
DA:166,2
DA:167,2
DA:168,2
DA:169,2
DA:171,4
DA:172,1
DA:173,0
DA:174,0
DA:175,0
DA:176,0
DA:178,3
DA:179,3
DA:180,2
DA:181,2
DA:182,2
DA:183,0
DA:184,0
DA:186,2
DA:187,2
DA:188,2
DA:189,0
DA:192,2
DA:198,2
DA:199,2
DA:203,2
DA:204,2
DA:205,0
DA:206,0
DA:212,2
DA:213,2
DA:214,2
DA:215,2
DA:216,0
DA:217,0
DA:218,0
DA:219,0
DA:226,0
DA:227,0
DA:228,0
DA:229,0
DA:230,0
DA:231,0
DA:232,0
DA:234,0
DA:235,0
DA:236,0
DA:238,0
DA:239,0
DA:242,0
DA:243,0
DA:244,0
DA:245,0
DA:251,27
DA:252,27
DA:253,27
DA:254,27
DA:256,27
DA:257,0
DA:258,0
DA:259,0
DA:262,27
DA:274,6
DA:321,1
DA:335,1
LF:131
LH:83
BRDA:15,0,0,9
BRDA:15,0,1,1
BRDA:15,0,2,8
BRDA:27,1,0,4
BRDA:27,1,1,2
BRDA:27,2,0,6
BRDA:27,2,1,4
BRDA:27,2,2,4
BRDA:29,3,0,3
BRDA:29,3,1,1
BRDA:31,4,0,2
BRDA:31,4,1,1
BRDA:31,5,0,3
BRDA:31,5,1,3
BRDA:41,6,0,1
BRDA:41,6,1,0
BRDA:53,7,0,0
BRDA:53,7,1,0
BRDA:62,8,0,0
BRDA:62,8,1,0
BRDA:62,9,0,0
BRDA:62,9,1,0
BRDA:65,10,0,0
BRDA:65,10,1,0
BRDA:78,11,0,4
BRDA:78,11,1,0
BRDA:90,12,0,3
BRDA:90,12,1,0
BRDA:95,13,0,3
BRDA:95,13,1,0
BRDA:95,14,0,3
BRDA:95,14,1,3
BRDA:95,14,2,3
BRDA:114,15,0,0
BRDA:116,16,0,0
BRDA:116,16,1,4
BRDA:116,17,0,4
BRDA:116,17,1,2
BRDA:121,18,0,4
BRDA:121,18,1,2
BRDA:136,19,0,0
BRDA:136,19,1,6
BRDA:136,20,0,6
BRDA:136,20,1,6
BRDA:141,21,0,12
BRDA:141,21,1,0
BRDA:141,22,0,12
BRDA:141,22,1,0
BRDA:142,23,0,10
BRDA:142,23,1,2
BRDA:143,24,0,4
BRDA:143,24,1,6
BRDA:148,25,0,2
BRDA:148,25,1,0
BRDA:149,26,0,1
BRDA:149,26,1,1
BRDA:159,27,0,6
BRDA:159,27,1,0
BRDA:163,28,0,6
BRDA:163,28,1,6
BRDA:164,29,0,2
BRDA:164,29,1,4
BRDA:165,30,0,2
BRDA:165,30,1,0
BRDA:165,31,0,2
BRDA:165,31,1,2
BRDA:171,32,0,1
BRDA:171,32,1,3
BRDA:172,33,0,0
BRDA:172,33,1,1
BRDA:172,34,0,1
BRDA:172,34,1,1
BRDA:178,35,0,3
BRDA:178,35,1,0
BRDA:179,36,0,2
BRDA:179,36,1,1
BRDA:181,37,0,2
BRDA:181,37,1,0
BRDA:182,38,0,0
BRDA:182,38,1,2
BRDA:182,39,0,2
BRDA:182,39,1,2
BRDA:182,40,0,2
BRDA:182,40,1,0
BRDA:188,41,0,0
BRDA:188,41,1,2
BRDA:188,42,0,2
BRDA:188,42,1,2
BRDA:199,43,0,2
BRDA:199,43,1,0
BRDA:205,44,0,0
BRDA:205,44,1,0
BRDA:213,45,0,0
BRDA:213,45,1,2
BRDA:213,46,0,0
BRDA:213,46,1,0
BRDA:214,47,0,0
BRDA:214,47,1,2
BRDA:214,48,0,0
BRDA:214,48,1,0
BRDA:215,49,0,0
BRDA:215,49,1,2
BRDA:215,50,0,2
BRDA:215,50,1,0
BRDA:216,51,0,0
BRDA:216,51,1,0
BRDA:218,52,0,0
BRDA:218,52,1,0
BRDA:225,53,0,0
BRDA:227,54,0,0
BRDA:227,54,1,0
BRDA:230,55,0,0
BRDA:230,55,1,0
BRDA:234,56,0,0
BRDA:234,56,1,0
BRDA:238,57,0,0
BRDA:238,57,1,0
BRDA:244,58,0,0
BRDA:244,58,1,0
BRDA:258,59,0,0
BRDA:258,59,1,0
BRDA:266,60,0,1
BRDA:266,60,1,26
BRDA:269,61,0,7
BRDA:269,61,1,20
BRDA:269,62,0,27
BRDA:269,62,1,27
BRDA:300,63,0,8
BRDA:300,63,1,19
BRF:129
BRH:75
end_of_record
