TN:
SF:E:\Project\my-project\react-component\rcSearchSelect\src\rcSearchSelect\ClickOut.jsx
FN:10,(anonymous_0)
FN:15,(anonymous_1)
FN:26,(anonymous_2)
FN:31,(anonymous_3)
FN:37,(anonymous_4)
FN:42,(anonymous_5)
FN:48,(anonymous_6)
FNF:7
FNH:2
FNDA:1,(anonymous_0)
FNDA:0,(anonymous_1)
FNDA:0,(anonymous_2)
FNDA:0,(anonymous_3)
FNDA:0,(anonymous_4)
FNDA:0,(anonymous_5)
FNDA:4,(anonymous_6)
DA:11,1
DA:12,1
DA:13,1
DA:15,1
DA:16,0
DA:18,0
DA:19,0
DA:20,0
DA:23,0
DA:26,1
DA:27,0
DA:28,0
DA:31,1
DA:32,0
DA:33,0
DA:38,0
DA:39,0
DA:43,0
DA:45,0
DA:49,4
LF:20
LH:7
BRDA:16,0,0,0
BRDA:16,0,1,0
BRDA:16,1,0,0
BRDA:16,1,1,0
BRDA:19,2,0,0
BRDA:19,2,1,0
BRDA:27,3,0,0
BRDA:27,3,1,0
BRDA:32,4,0,0
BRDA:32,4,1,0
BRDA:50,5,0,0
BRDA:50,5,1,4
BRF:12
BRH:1
end_of_record
TN:
SF:E:\Project\my-project\react-component\rcSearchSelect\src\rcSearchSelect\SearchSelect.jsx
FN:13,(anonymous_0)
FN:25,(anonymous_1)
FN:40,(anonymous_2)
FN:52,(anonymous_3)
FN:54,(anonymous_4)
FN:77,(anonymous_5)
FN:86,(anonymous_6)
FN:110,(anonymous_7)
FN:114,(anonymous_8)
FN:122,(anonymous_9)
FN:132,(anonymous_10)
FN:140,(anonymous_11)
FN:149,(anonymous_12)
FN:179,(anonymous_13)
FN:189,(anonymous_14)
FN:194,(anonymous_15)
FN:203,(anonymous_16)
FN:217,(anonymous_17)
FN:234,(anonymous_18)
FN:242,(anonymous_19)
FN:248,(anonymous_20)
FN:265,(anonymous_21)
FN:330,(anonymous_22)
FN:333,(anonymous_23)
FNF:24
FNH:13
FNDA:7,(anonymous_0)
FNDA:5,(anonymous_1)
FNDA:1,(anonymous_2)
FNDA:0,(anonymous_3)
FNDA:0,(anonymous_4)
FNDA:2,(anonymous_5)
FNDA:1,(anonymous_6)
FNDA:0,(anonymous_7)
FNDA:2,(anonymous_8)
FNDA:2,(anonymous_9)
FNDA:4,(anonymous_10)
FNDA:8,(anonymous_11)
FNDA:0,(anonymous_12)
FNDA:0,(anonymous_13)
FNDA:0,(anonymous_14)
FNDA:0,(anonymous_15)
FNDA:0,(anonymous_16)
FNDA:0,(anonymous_17)
FNDA:0,(anonymous_18)
FNDA:18,(anonymous_19)
FNDA:0,(anonymous_20)
FNDA:2,(anonymous_21)
FNDA:3,(anonymous_22)
FNDA:1,(anonymous_23)
DA:14,7
DA:15,7
DA:17,7
DA:26,5
DA:27,5
DA:28,4
DA:29,4
DA:30,3
DA:31,3
DA:32,2
DA:35,1
DA:41,1
DA:42,1
DA:48,1
DA:53,0
DA:54,0
DA:55,0
DA:61,0
DA:62,0
DA:63,0
DA:65,0
DA:66,0
DA:71,0
DA:78,2
DA:79,2
DA:80,2
DA:87,1
DA:88,1
DA:89,1
DA:90,1
DA:91,1
DA:93,0
DA:95,1
DA:96,1
DA:101,0
DA:107,1
DA:111,0
DA:115,2
DA:116,2
DA:117,0
DA:118,0
DA:120,2
DA:121,2
DA:122,2
DA:123,2
DA:133,4
DA:134,4
DA:135,4
DA:136,4
DA:137,0
DA:138,0
DA:140,4
DA:141,8
DA:142,8
DA:143,3
DA:146,4
DA:151,0
DA:153,0
DA:154,0
DA:155,0
DA:156,0
DA:157,0
DA:158,0
DA:159,0
DA:160,0
DA:161,0
DA:163,0
DA:164,0
DA:165,0
DA:166,0
DA:167,0
DA:168,0
DA:170,0
DA:171,0
DA:172,0
DA:173,0
DA:174,0
DA:175,0
DA:176,0
DA:178,0
DA:179,0
DA:180,0
DA:181,0
DA:184,0
DA:190,0
DA:191,0
DA:195,0
DA:196,0
DA:197,0
DA:198,0
DA:204,0
DA:205,0
DA:206,0
DA:207,0
DA:208,0
DA:209,0
DA:210,0
DA:211,0
DA:218,0
DA:219,0
DA:220,0
DA:221,0
DA:222,0
DA:223,0
DA:224,0
DA:226,0
DA:227,0
DA:228,0
DA:230,0
DA:231,0
DA:234,0
DA:235,0
DA:236,0
DA:237,0
DA:243,18
DA:244,18
DA:245,18
DA:246,18
DA:248,18
DA:249,0
DA:250,0
DA:251,0
DA:254,18
DA:266,2
DA:313,1
DA:326,1
LF:126
LH:49
BRDA:15,0,0,7
BRDA:15,0,1,1
BRDA:15,0,2,6
BRDA:27,1,0,4
BRDA:27,1,1,1
BRDA:27,2,0,5
BRDA:27,2,1,4
BRDA:27,2,2,4
BRDA:29,3,0,3
BRDA:29,3,1,1
BRDA:31,4,0,2
BRDA:31,4,1,1
BRDA:31,5,0,3
BRDA:31,5,1,3
BRDA:41,6,0,1
BRDA:41,6,1,0
BRDA:53,7,0,0
BRDA:53,7,1,0
BRDA:62,8,0,0
BRDA:62,8,1,0
BRDA:62,9,0,0
BRDA:62,9,1,0
BRDA:65,10,0,0
BRDA:65,10,1,0
BRDA:78,11,0,2
BRDA:78,11,1,0
BRDA:90,12,0,1
BRDA:90,12,1,0
BRDA:95,13,0,1
BRDA:95,13,1,0
BRDA:95,14,0,1
BRDA:95,14,1,1
BRDA:95,14,2,1
BRDA:114,15,0,0
BRDA:116,16,0,0
BRDA:116,16,1,2
BRDA:116,17,0,2
BRDA:116,17,1,2
BRDA:121,18,0,2
BRDA:121,18,1,2
BRDA:121,18,2,0
BRDA:136,19,0,0
BRDA:136,19,1,4
BRDA:136,20,0,4
BRDA:136,20,1,4
BRDA:141,21,0,8
BRDA:141,21,1,8
BRDA:141,21,2,0
BRDA:142,22,0,3
BRDA:142,22,1,5
BRDA:151,23,0,0
BRDA:151,23,1,0
BRDA:155,24,0,0
BRDA:155,24,1,0
BRDA:156,25,0,0
BRDA:156,25,1,0
BRDA:157,26,0,0
BRDA:157,26,1,0
BRDA:157,27,0,0
BRDA:157,27,1,0
BRDA:163,28,0,0
BRDA:163,28,1,0
BRDA:164,29,0,0
BRDA:164,29,1,0
BRDA:164,30,0,0
BRDA:164,30,1,0
BRDA:170,31,0,0
BRDA:170,31,1,0
BRDA:171,32,0,0
BRDA:171,32,1,0
BRDA:174,33,0,0
BRDA:174,33,1,0
BRDA:174,34,0,0
BRDA:174,34,1,0
BRDA:174,35,0,0
BRDA:174,35,1,0
BRDA:180,36,0,0
BRDA:180,36,1,0
BRDA:180,37,0,0
BRDA:180,37,1,0
BRDA:191,38,0,0
BRDA:191,38,1,0
BRDA:197,39,0,0
BRDA:197,39,1,0
BRDA:205,40,0,0
BRDA:205,40,1,0
BRDA:205,41,0,0
BRDA:205,41,1,0
BRDA:206,42,0,0
BRDA:206,42,1,0
BRDA:206,43,0,0
BRDA:206,43,1,0
BRDA:207,44,0,0
BRDA:207,44,1,0
BRDA:207,45,0,0
BRDA:207,45,1,0
BRDA:208,46,0,0
BRDA:208,46,1,0
BRDA:210,47,0,0
BRDA:210,47,1,0
BRDA:217,48,0,0
BRDA:219,49,0,0
BRDA:219,49,1,0
BRDA:222,50,0,0
BRDA:222,50,1,0
BRDA:226,51,0,0
BRDA:226,51,1,0
BRDA:230,52,0,0
BRDA:230,52,1,0
BRDA:236,53,0,0
BRDA:236,53,1,0
BRDA:250,54,0,0
BRDA:250,54,1,0
BRDA:258,55,0,1
BRDA:258,55,1,17
BRDA:261,56,0,3
BRDA:261,56,1,15
BRDA:261,57,0,18
BRDA:261,57,1,18
BRDA:292,58,0,6
BRDA:292,58,1,12
BRF:121
BRH:41
end_of_record
